[0.848s] Invoking command in '/home/alfonso/coppelia_vision_control_ws/src/camera_streamer_pkg': PYTHONPATH=/home/alfonso/coppelia_vision_control_ws/src/build/camera_streamer_pkg/prefix_override:/usr/lib/python3/dist-packages/colcon_core/task/python/colcon_distutils_commands:/home/alfonso/coppelia_vision_control_ws/src/install/camera_streamer_pkg/lib/python3.10/site-packages:${PYTHONPATH} /usr/bin/python3 -W ignore:setup.py install is deprecated -W ignore:easy_install command is deprecated setup.py egg_info --egg-base ../build/camera_streamer_pkg build --build-base /home/alfonso/coppelia_vision_control_ws/src/build/camera_streamer_pkg/build install --record /home/alfonso/coppelia_vision_control_ws/src/build/camera_streamer_pkg/install.log --single-version-externally-managed install_data
[1.053s] running egg_info
[1.053s] writing ../build/camera_streamer_pkg/camera_streamer_pkg.egg-info/PKG-INFO
[1.053s] writing dependency_links to ../build/camera_streamer_pkg/camera_streamer_pkg.egg-info/dependency_links.txt
[1.053s] writing entry points to ../build/camera_streamer_pkg/camera_streamer_pkg.egg-info/entry_points.txt
[1.053s] writing requirements to ../build/camera_streamer_pkg/camera_streamer_pkg.egg-info/requires.txt
[1.053s] writing top-level names to ../build/camera_streamer_pkg/camera_streamer_pkg.egg-info/top_level.txt
[1.055s] reading manifest file '../build/camera_streamer_pkg/camera_streamer_pkg.egg-info/SOURCES.txt'
[1.055s] writing manifest file '../build/camera_streamer_pkg/camera_streamer_pkg.egg-info/SOURCES.txt'
[1.056s] running build
[1.056s] running build_py
[1.056s] running install
[1.056s] running install_lib
[1.057s] running install_data
[1.057s] running install_egg_info
[1.059s] removing '/home/alfonso/coppelia_vision_control_ws/src/install/camera_streamer_pkg/lib/python3.10/site-packages/camera_streamer_pkg-0.0.0-py3.10.egg-info' (and everything under it)
[1.059s] Copying ../build/camera_streamer_pkg/camera_streamer_pkg.egg-info to /home/alfonso/coppelia_vision_control_ws/src/install/camera_streamer_pkg/lib/python3.10/site-packages/camera_streamer_pkg-0.0.0-py3.10.egg-info
[1.059s] running install_scripts
[1.077s] Installing node_camera_publisher script to /home/alfonso/coppelia_vision_control_ws/src/install/camera_streamer_pkg/lib/camera_streamer_pkg
[1.077s] writing list of installed files to '/home/alfonso/coppelia_vision_control_ws/src/build/camera_streamer_pkg/install.log'
[1.105s] Invoked command in '/home/alfonso/coppelia_vision_control_ws/src/camera_streamer_pkg' returned '0': PYTHONPATH=/home/alfonso/coppelia_vision_control_ws/src/build/camera_streamer_pkg/prefix_override:/usr/lib/python3/dist-packages/colcon_core/task/python/colcon_distutils_commands:/home/alfonso/coppelia_vision_control_ws/src/install/camera_streamer_pkg/lib/python3.10/site-packages:${PYTHONPATH} /usr/bin/python3 -W ignore:setup.py install is deprecated -W ignore:easy_install command is deprecated setup.py egg_info --egg-base ../build/camera_streamer_pkg build --build-base /home/alfonso/coppelia_vision_control_ws/src/build/camera_streamer_pkg/build install --record /home/alfonso/coppelia_vision_control_ws/src/build/camera_streamer_pkg/install.log --single-version-externally-managed install_data
