[0.470s] Invoking command in '/home/alfonso/coppelia_vision_control_ws/src/robot_controller_pkg': PYTHONPATH=/home/alfonso/coppelia_vision_control_ws/build/robot_controller_pkg/prefix_override:/usr/lib/python3/dist-packages/colcon_core/task/python/colcon_distutils_commands:/home/alfonso/coppelia_vision_control_ws/install/robot_controller_pkg/lib/python3.10/site-packages:${PYTHONPATH} /usr/bin/python3 -W ignore:setup.py install is deprecated -W ignore:easy_install command is deprecated setup.py egg_info --egg-base ../../build/robot_controller_pkg build --build-base /home/alfonso/coppelia_vision_control_ws/build/robot_controller_pkg/build install --record /home/alfonso/coppelia_vision_control_ws/build/robot_controller_pkg/install.log --single-version-externally-managed install_data
[0.637s] running egg_info
[0.637s] writing ../../build/robot_controller_pkg/robot_controller_pkg.egg-info/PKG-INFO
[0.638s] writing dependency_links to ../../build/robot_controller_pkg/robot_controller_pkg.egg-info/dependency_links.txt
[0.638s] writing entry points to ../../build/robot_controller_pkg/robot_controller_pkg.egg-info/entry_points.txt
[0.638s] writing requirements to ../../build/robot_controller_pkg/robot_controller_pkg.egg-info/requires.txt
[0.638s] writing top-level names to ../../build/robot_controller_pkg/robot_controller_pkg.egg-info/top_level.txt
[0.639s] reading manifest file '../../build/robot_controller_pkg/robot_controller_pkg.egg-info/SOURCES.txt'
[0.640s] writing manifest file '../../build/robot_controller_pkg/robot_controller_pkg.egg-info/SOURCES.txt'
[0.640s] running build
[0.640s] running build_py
[0.640s] copying robot_controller_pkg/node_circle_controller.py -> /home/alfonso/coppelia_vision_control_ws/build/robot_controller_pkg/build/lib/robot_controller_pkg
[0.640s] running install
[0.640s] running install_lib
[0.641s] copying /home/alfonso/coppelia_vision_control_ws/build/robot_controller_pkg/build/lib/robot_controller_pkg/node_circle_controller.py -> /home/alfonso/coppelia_vision_control_ws/install/robot_controller_pkg/lib/python3.10/site-packages/robot_controller_pkg
[0.641s] byte-compiling /home/alfonso/coppelia_vision_control_ws/install/robot_controller_pkg/lib/python3.10/site-packages/robot_controller_pkg/node_circle_controller.py to node_circle_controller.cpython-310.pyc
[0.641s] running install_data
[0.642s] running install_egg_info
[0.644s] removing '/home/alfonso/coppelia_vision_control_ws/install/robot_controller_pkg/lib/python3.10/site-packages/robot_controller_pkg-0.0.0-py3.10.egg-info' (and everything under it)
[0.644s] Copying ../../build/robot_controller_pkg/robot_controller_pkg.egg-info to /home/alfonso/coppelia_vision_control_ws/install/robot_controller_pkg/lib/python3.10/site-packages/robot_controller_pkg-0.0.0-py3.10.egg-info
[0.644s] running install_scripts
[0.658s] Installing circle_controller script to /home/alfonso/coppelia_vision_control_ws/install/robot_controller_pkg/lib/robot_controller_pkg
[0.658s] Installing node_circle_controller script to /home/alfonso/coppelia_vision_control_ws/install/robot_controller_pkg/lib/robot_controller_pkg
[0.658s] Installing node_robot_controller script to /home/alfonso/coppelia_vision_control_ws/install/robot_controller_pkg/lib/robot_controller_pkg
[0.659s] writing list of installed files to '/home/alfonso/coppelia_vision_control_ws/build/robot_controller_pkg/install.log'
[0.677s] Invoked command in '/home/alfonso/coppelia_vision_control_ws/src/robot_controller_pkg' returned '0': PYTHONPATH=/home/alfonso/coppelia_vision_control_ws/build/robot_controller_pkg/prefix_override:/usr/lib/python3/dist-packages/colcon_core/task/python/colcon_distutils_commands:/home/alfonso/coppelia_vision_control_ws/install/robot_controller_pkg/lib/python3.10/site-packages:${PYTHONPATH} /usr/bin/python3 -W ignore:setup.py install is deprecated -W ignore:easy_install command is deprecated setup.py egg_info --egg-base ../../build/robot_controller_pkg build --build-base /home/alfonso/coppelia_vision_control_ws/build/robot_controller_pkg/build install --record /home/alfonso/coppelia_vision_control_ws/build/robot_controller_pkg/install.log --single-version-externally-managed install_data
