[0.928s] Invoking command in '/home/alfonso/coppelia_vision_control_ws/src/robot_controller_pkg': PYTHONPATH=/home/alfonso/coppelia_vision_control_ws/src/build/robot_controller_pkg/prefix_override:/usr/lib/python3/dist-packages/colcon_core/task/python/colcon_distutils_commands:/home/alfonso/coppelia_vision_control_ws/src/install/robot_controller_pkg/lib/python3.10/site-packages:${PYTHONPATH} /usr/bin/python3 -W ignore:setup.py install is deprecated -W ignore:easy_install command is deprecated setup.py egg_info --egg-base ../build/robot_controller_pkg build --build-base /home/alfonso/coppelia_vision_control_ws/src/build/robot_controller_pkg/build install --record /home/alfonso/coppelia_vision_control_ws/src/build/robot_controller_pkg/install.log --single-version-externally-managed install_data
[1.191s] running egg_info
[1.192s] writing ../build/robot_controller_pkg/robot_controller_pkg.egg-info/PKG-INFO
[1.192s] writing dependency_links to ../build/robot_controller_pkg/robot_controller_pkg.egg-info/dependency_links.txt
[1.192s] writing entry points to ../build/robot_controller_pkg/robot_controller_pkg.egg-info/entry_points.txt
[1.192s] writing requirements to ../build/robot_controller_pkg/robot_controller_pkg.egg-info/requires.txt
[1.192s] writing top-level names to ../build/robot_controller_pkg/robot_controller_pkg.egg-info/top_level.txt
[1.194s] reading manifest file '../build/robot_controller_pkg/robot_controller_pkg.egg-info/SOURCES.txt'
[1.195s] writing manifest file '../build/robot_controller_pkg/robot_controller_pkg.egg-info/SOURCES.txt'
[1.195s] running build
[1.195s] running build_py
[1.195s] running install
[1.195s] running install_lib
[1.197s] running install_data
[1.197s] running install_egg_info
[1.198s] removing '/home/alfonso/coppelia_vision_control_ws/src/install/robot_controller_pkg/lib/python3.10/site-packages/robot_controller_pkg-0.0.0-py3.10.egg-info' (and everything under it)
[1.199s] Copying ../build/robot_controller_pkg/robot_controller_pkg.egg-info to /home/alfonso/coppelia_vision_control_ws/src/install/robot_controller_pkg/lib/python3.10/site-packages/robot_controller_pkg-0.0.0-py3.10.egg-info
[1.199s] running install_scripts
[1.222s] Installing node_robot_controller script to /home/alfonso/coppelia_vision_control_ws/src/install/robot_controller_pkg/lib/robot_controller_pkg
[1.222s] writing list of installed files to '/home/alfonso/coppelia_vision_control_ws/src/build/robot_controller_pkg/install.log'
[1.247s] Invoked command in '/home/alfonso/coppelia_vision_control_ws/src/robot_controller_pkg' returned '0': PYTHONPATH=/home/alfonso/coppelia_vision_control_ws/src/build/robot_controller_pkg/prefix_override:/usr/lib/python3/dist-packages/colcon_core/task/python/colcon_distutils_commands:/home/alfonso/coppelia_vision_control_ws/src/install/robot_controller_pkg/lib/python3.10/site-packages:${PYTHONPATH} /usr/bin/python3 -W ignore:setup.py install is deprecated -W ignore:easy_install command is deprecated setup.py egg_info --egg-base ../build/robot_controller_pkg build --build-base /home/alfonso/coppelia_vision_control_ws/src/build/robot_controller_pkg/build install --record /home/alfonso/coppelia_vision_control_ws/src/build/robot_controller_pkg/install.log --single-version-externally-managed install_data
