running egg_info
writing ../build/coppelia_bridge_pkg/coppelia_bridge_pkg.egg-info/PKG-INFO
writing dependency_links to ../build/coppelia_bridge_pkg/coppelia_bridge_pkg.egg-info/dependency_links.txt
writing entry points to ../build/coppelia_bridge_pkg/coppelia_bridge_pkg.egg-info/entry_points.txt
writing requirements to ../build/coppelia_bridge_pkg/coppelia_bridge_pkg.egg-info/requires.txt
writing top-level names to ../build/coppelia_bridge_pkg/coppelia_bridge_pkg.egg-info/top_level.txt
reading manifest file '../build/coppelia_bridge_pkg/coppelia_bridge_pkg.egg-info/SOURCES.txt'
writing manifest file '../build/coppelia_bridge_pkg/coppelia_bridge_pkg.egg-info/SOURCES.txt'
running build
running build_py
copying coppelia_bridge_pkg/image_streamer.py -> /home/alfonso/coppelia_vision_control_ws/src/build/coppelia_bridge_pkg/build/lib/coppelia_bridge_pkg
running install
running install_lib
copying /home/alfonso/coppelia_vision_control_ws/src/build/coppelia_bridge_pkg/build/lib/coppelia_bridge_pkg/image_streamer.py -> /home/alfonso/coppelia_vision_control_ws/src/install/coppelia_bridge_pkg/lib/python3.10/site-packages/coppelia_bridge_pkg
byte-compiling /home/alfonso/coppelia_vision_control_ws/src/install/coppelia_bridge_pkg/lib/python3.10/site-packages/coppelia_bridge_pkg/image_streamer.py to image_streamer.cpython-310.pyc
running install_data
running install_egg_info
removing '/home/alfonso/coppelia_vision_control_ws/src/install/coppelia_bridge_pkg/lib/python3.10/site-packages/coppelia_bridge_pkg-0.0.0-py3.10.egg-info' (and everything under it)
Copying ../build/coppelia_bridge_pkg/coppelia_bridge_pkg.egg-info to /home/alfonso/coppelia_vision_control_ws/src/install/coppelia_bridge_pkg/lib/python3.10/site-packages/coppelia_bridge_pkg-0.0.0-py3.10.egg-info
running install_scripts
Installing image_streamer script to /home/alfonso/coppelia_vision_control_ws/src/install/coppelia_bridge_pkg/lib/coppelia_bridge_pkg
writing list of installed files to '/home/alfonso/coppelia_vision_control_ws/src/build/coppelia_bridge_pkg/install.log'
