[0.068s] DEBUG:colcon:Command line arguments: ['/usr/bin/colcon', 'build']
[0.068s] DEBUG:colcon:Parsed command line arguments: Namespace(log_base=None, log_level=None, verb_name='build', build_base='build', install_base='install', merge_install=False, symlink_install=False, test_result_base=None, continue_on_error=False, executor='parallel', parallel_workers=12, event_handlers=None, ignore_user_meta=False, metas=['./colcon.meta'], base_paths=['.'], packages_ignore=None, packages_ignore_regex=None, paths=None, packages_up_to=None, packages_up_to_regex=None, packages_above=None, packages_above_and_dependencies=None, packages_above_depth=None, packages_select_by_dep=None, packages_skip_by_dep=None, packages_skip_up_to=None, packages_select_build_failed=False, packages_skip_build_finished=False, packages_select_test_failures=False, packages_skip_test_passed=False, packages_select=None, packages_skip=None, packages_select_regex=None, packages_skip_regex=None, packages_start=None, packages_end=None, allow_overriding=[], cmake_args=None, cmake_target=None, cmake_target_skip_unavailable=False, cmake_clean_cache=False, cmake_clean_first=False, cmake_force_configure=False, ament_cmake_args=None, catkin_cmake_args=None, catkin_skip_building_tests=False, mixin_files=None, mixin=None, verb_parser=<colcon_mixin.mixin.mixin_argument.MixinArgumentDecorator object at 0x7f8fb28a1d80>, verb_extension=<colcon_core.verb.build.BuildVerb object at 0x7f8fb28a17b0>, main=<bound method BuildVerb.main of <colcon_core.verb.build.BuildVerb object at 0x7f8fb28a17b0>>, mixin_verb=('build',))
[0.184s] Level 1:colcon.colcon_core.package_discovery:discover_packages(colcon_meta) check parameters
[0.184s] Level 1:colcon.colcon_core.package_discovery:discover_packages(recursive) check parameters
[0.184s] Level 1:colcon.colcon_core.package_discovery:discover_packages(ignore) check parameters
[0.184s] Level 1:colcon.colcon_core.package_discovery:discover_packages(path) check parameters
[0.184s] Level 1:colcon.colcon_core.package_discovery:discover_packages(colcon_meta) discover
[0.184s] Level 1:colcon.colcon_core.package_discovery:discover_packages(recursive) discover
[0.184s] INFO:colcon.colcon_core.package_discovery:Crawling recursively for packages in '/home/alfonso/coppelia_vision_control_ws/src'
[0.184s] Level 1:colcon.colcon_core.package_identification:_identify(.) by extensions ['ignore', 'ignore_ament_install']
[0.184s] Level 1:colcon.colcon_core.package_identification:_identify(.) by extension 'ignore'
[0.184s] Level 1:colcon.colcon_core.package_identification:_identify(.) by extension 'ignore_ament_install'
[0.184s] Level 1:colcon.colcon_core.package_identification:_identify(.) by extensions ['colcon_pkg']
[0.184s] Level 1:colcon.colcon_core.package_identification:_identify(.) by extension 'colcon_pkg'
[0.184s] Level 1:colcon.colcon_core.package_identification:_identify(.) by extensions ['colcon_meta']
[0.184s] Level 1:colcon.colcon_core.package_identification:_identify(.) by extension 'colcon_meta'
[0.184s] Level 1:colcon.colcon_core.package_identification:_identify(.) by extensions ['ros']
[0.184s] Level 1:colcon.colcon_core.package_identification:_identify(.) by extension 'ros'
[0.191s] Level 1:colcon.colcon_core.package_identification:_identify(.) by extensions ['cmake', 'python']
[0.191s] Level 1:colcon.colcon_core.package_identification:_identify(.) by extension 'cmake'
[0.191s] Level 1:colcon.colcon_core.package_identification:_identify(.) by extension 'python'
[0.191s] Level 1:colcon.colcon_core.package_identification:_identify(.) by extensions ['python_setup_py']
[0.191s] Level 1:colcon.colcon_core.package_identification:_identify(.) by extension 'python_setup_py'
[0.191s] Level 1:colcon.colcon_core.package_identification:_identify(build) by extensions ['ignore', 'ignore_ament_install']
[0.191s] Level 1:colcon.colcon_core.package_identification:_identify(build) by extension 'ignore'
[0.191s] Level 1:colcon.colcon_core.package_identification:_identify(build) ignored
[0.191s] Level 1:colcon.colcon_core.package_identification:_identify(camera_streamer_pkg) by extensions ['ignore', 'ignore_ament_install']
[0.192s] Level 1:colcon.colcon_core.package_identification:_identify(camera_streamer_pkg) by extension 'ignore'
[0.192s] Level 1:colcon.colcon_core.package_identification:_identify(camera_streamer_pkg) by extension 'ignore_ament_install'
[0.192s] Level 1:colcon.colcon_core.package_identification:_identify(camera_streamer_pkg) by extensions ['colcon_pkg']
[0.192s] Level 1:colcon.colcon_core.package_identification:_identify(camera_streamer_pkg) by extension 'colcon_pkg'
[0.192s] Level 1:colcon.colcon_core.package_identification:_identify(camera_streamer_pkg) by extensions ['colcon_meta']
[0.192s] Level 1:colcon.colcon_core.package_identification:_identify(camera_streamer_pkg) by extension 'colcon_meta'
[0.192s] Level 1:colcon.colcon_core.package_identification:_identify(camera_streamer_pkg) by extensions ['ros']
[0.192s] Level 1:colcon.colcon_core.package_identification:_identify(camera_streamer_pkg) by extension 'ros'
[0.193s] DEBUG:colcon.colcon_core.package_identification:Package 'camera_streamer_pkg' with type 'ros.ament_python' and name 'camera_streamer_pkg'
[0.193s] Level 1:colcon.colcon_core.package_identification:_identify(coppelia_bridge_pkg) by extensions ['ignore', 'ignore_ament_install']
[0.194s] Level 1:colcon.colcon_core.package_identification:_identify(coppelia_bridge_pkg) by extension 'ignore'
[0.194s] Level 1:colcon.colcon_core.package_identification:_identify(coppelia_bridge_pkg) by extension 'ignore_ament_install'
[0.194s] Level 1:colcon.colcon_core.package_identification:_identify(coppelia_bridge_pkg) by extensions ['colcon_pkg']
[0.194s] Level 1:colcon.colcon_core.package_identification:_identify(coppelia_bridge_pkg) by extension 'colcon_pkg'
[0.194s] Level 1:colcon.colcon_core.package_identification:_identify(coppelia_bridge_pkg) by extensions ['colcon_meta']
[0.194s] Level 1:colcon.colcon_core.package_identification:_identify(coppelia_bridge_pkg) by extension 'colcon_meta'
[0.194s] Level 1:colcon.colcon_core.package_identification:_identify(coppelia_bridge_pkg) by extensions ['ros']
[0.194s] Level 1:colcon.colcon_core.package_identification:_identify(coppelia_bridge_pkg) by extension 'ros'
[0.194s] DEBUG:colcon.colcon_core.package_identification:Package 'coppelia_bridge_pkg' with type 'ros.ament_python' and name 'coppelia_bridge_pkg'
[0.194s] Level 1:colcon.colcon_core.package_identification:_identify(install) by extensions ['ignore', 'ignore_ament_install']
[0.194s] Level 1:colcon.colcon_core.package_identification:_identify(install) by extension 'ignore'
[0.194s] Level 1:colcon.colcon_core.package_identification:_identify(install) ignored
[0.194s] Level 1:colcon.colcon_core.package_identification:_identify(log) by extensions ['ignore', 'ignore_ament_install']
[0.194s] Level 1:colcon.colcon_core.package_identification:_identify(log) by extension 'ignore'
[0.194s] Level 1:colcon.colcon_core.package_identification:_identify(log) ignored
[0.194s] Level 1:colcon.colcon_core.package_identification:_identify(robot_controller_pkg) by extensions ['ignore', 'ignore_ament_install']
[0.194s] Level 1:colcon.colcon_core.package_identification:_identify(robot_controller_pkg) by extension 'ignore'
[0.194s] Level 1:colcon.colcon_core.package_identification:_identify(robot_controller_pkg) by extension 'ignore_ament_install'
[0.194s] Level 1:colcon.colcon_core.package_identification:_identify(robot_controller_pkg) by extensions ['colcon_pkg']
[0.194s] Level 1:colcon.colcon_core.package_identification:_identify(robot_controller_pkg) by extension 'colcon_pkg'
[0.194s] Level 1:colcon.colcon_core.package_identification:_identify(robot_controller_pkg) by extensions ['colcon_meta']
[0.194s] Level 1:colcon.colcon_core.package_identification:_identify(robot_controller_pkg) by extension 'colcon_meta'
[0.194s] Level 1:colcon.colcon_core.package_identification:_identify(robot_controller_pkg) by extensions ['ros']
[0.195s] Level 1:colcon.colcon_core.package_identification:_identify(robot_controller_pkg) by extension 'ros'
[0.195s] DEBUG:colcon.colcon_core.package_identification:Package 'robot_controller_pkg' with type 'ros.ament_python' and name 'robot_controller_pkg'
[0.195s] Level 1:colcon.colcon_core.package_discovery:discover_packages(recursive) using defaults
[0.195s] Level 1:colcon.colcon_core.package_discovery:discover_packages(ignore) discover
[0.195s] Level 1:colcon.colcon_core.package_discovery:discover_packages(ignore) using defaults
[0.195s] Level 1:colcon.colcon_core.package_discovery:discover_packages(path) discover
[0.195s] Level 1:colcon.colcon_core.package_discovery:discover_packages(path) using defaults
[0.208s] Level 1:colcon.colcon_core.package_discovery:discover_packages(prefix_path) check parameters
[0.208s] Level 1:colcon.colcon_core.package_discovery:discover_packages(prefix_path) discover
[0.209s] DEBUG:colcon.colcon_installed_package_information.package_discovery:Found 3 installed packages in /home/alfonso/coppelia_vision_control_ws/src/install
[0.210s] DEBUG:colcon.colcon_installed_package_information.package_discovery:Found 344 installed packages in /opt/ros/humble
[0.211s] Level 1:colcon.colcon_core.package_discovery:discover_packages(prefix_path) using defaults
[0.234s] Level 5:colcon.colcon_core.verb:set package 'camera_streamer_pkg' build argument 'cmake_args' from command line to 'None'
[0.234s] Level 5:colcon.colcon_core.verb:set package 'camera_streamer_pkg' build argument 'cmake_target' from command line to 'None'
[0.234s] Level 5:colcon.colcon_core.verb:set package 'camera_streamer_pkg' build argument 'cmake_target_skip_unavailable' from command line to 'False'
[0.234s] Level 5:colcon.colcon_core.verb:set package 'camera_streamer_pkg' build argument 'cmake_clean_cache' from command line to 'False'
[0.234s] Level 5:colcon.colcon_core.verb:set package 'camera_streamer_pkg' build argument 'cmake_clean_first' from command line to 'False'
[0.234s] Level 5:colcon.colcon_core.verb:set package 'camera_streamer_pkg' build argument 'cmake_force_configure' from command line to 'False'
[0.234s] Level 5:colcon.colcon_core.verb:set package 'camera_streamer_pkg' build argument 'ament_cmake_args' from command line to 'None'
[0.234s] Level 5:colcon.colcon_core.verb:set package 'camera_streamer_pkg' build argument 'catkin_cmake_args' from command line to 'None'
[0.234s] Level 5:colcon.colcon_core.verb:set package 'camera_streamer_pkg' build argument 'catkin_skip_building_tests' from command line to 'False'
[0.234s] DEBUG:colcon.colcon_core.verb:Building package 'camera_streamer_pkg' with the following arguments: {'ament_cmake_args': None, 'build_base': '/home/alfonso/coppelia_vision_control_ws/src/build/camera_streamer_pkg', 'catkin_cmake_args': None, 'catkin_skip_building_tests': False, 'cmake_args': None, 'cmake_clean_cache': False, 'cmake_clean_first': False, 'cmake_force_configure': False, 'cmake_target': None, 'cmake_target_skip_unavailable': False, 'install_base': '/home/alfonso/coppelia_vision_control_ws/src/install/camera_streamer_pkg', 'merge_install': False, 'path': '/home/alfonso/coppelia_vision_control_ws/src/camera_streamer_pkg', 'symlink_install': False, 'test_result_base': None}
[0.234s] Level 5:colcon.colcon_core.verb:set package 'coppelia_bridge_pkg' build argument 'cmake_args' from command line to 'None'
[0.234s] Level 5:colcon.colcon_core.verb:set package 'coppelia_bridge_pkg' build argument 'cmake_target' from command line to 'None'
[0.234s] Level 5:colcon.colcon_core.verb:set package 'coppelia_bridge_pkg' build argument 'cmake_target_skip_unavailable' from command line to 'False'
[0.234s] Level 5:colcon.colcon_core.verb:set package 'coppelia_bridge_pkg' build argument 'cmake_clean_cache' from command line to 'False'
[0.234s] Level 5:colcon.colcon_core.verb:set package 'coppelia_bridge_pkg' build argument 'cmake_clean_first' from command line to 'False'
[0.234s] Level 5:colcon.colcon_core.verb:set package 'coppelia_bridge_pkg' build argument 'cmake_force_configure' from command line to 'False'
[0.234s] Level 5:colcon.colcon_core.verb:set package 'coppelia_bridge_pkg' build argument 'ament_cmake_args' from command line to 'None'
[0.234s] Level 5:colcon.colcon_core.verb:set package 'coppelia_bridge_pkg' build argument 'catkin_cmake_args' from command line to 'None'
[0.234s] Level 5:colcon.colcon_core.verb:set package 'coppelia_bridge_pkg' build argument 'catkin_skip_building_tests' from command line to 'False'
[0.234s] DEBUG:colcon.colcon_core.verb:Building package 'coppelia_bridge_pkg' with the following arguments: {'ament_cmake_args': None, 'build_base': '/home/alfonso/coppelia_vision_control_ws/src/build/coppelia_bridge_pkg', 'catkin_cmake_args': None, 'catkin_skip_building_tests': False, 'cmake_args': None, 'cmake_clean_cache': False, 'cmake_clean_first': False, 'cmake_force_configure': False, 'cmake_target': None, 'cmake_target_skip_unavailable': False, 'install_base': '/home/alfonso/coppelia_vision_control_ws/src/install/coppelia_bridge_pkg', 'merge_install': False, 'path': '/home/alfonso/coppelia_vision_control_ws/src/coppelia_bridge_pkg', 'symlink_install': False, 'test_result_base': None}
[0.235s] Level 5:colcon.colcon_core.verb:set package 'robot_controller_pkg' build argument 'cmake_args' from command line to 'None'
[0.235s] Level 5:colcon.colcon_core.verb:set package 'robot_controller_pkg' build argument 'cmake_target' from command line to 'None'
[0.235s] Level 5:colcon.colcon_core.verb:set package 'robot_controller_pkg' build argument 'cmake_target_skip_unavailable' from command line to 'False'
[0.235s] Level 5:colcon.colcon_core.verb:set package 'robot_controller_pkg' build argument 'cmake_clean_cache' from command line to 'False'
[0.235s] Level 5:colcon.colcon_core.verb:set package 'robot_controller_pkg' build argument 'cmake_clean_first' from command line to 'False'
[0.235s] Level 5:colcon.colcon_core.verb:set package 'robot_controller_pkg' build argument 'cmake_force_configure' from command line to 'False'
[0.235s] Level 5:colcon.colcon_core.verb:set package 'robot_controller_pkg' build argument 'ament_cmake_args' from command line to 'None'
[0.235s] Level 5:colcon.colcon_core.verb:set package 'robot_controller_pkg' build argument 'catkin_cmake_args' from command line to 'None'
[0.235s] Level 5:colcon.colcon_core.verb:set package 'robot_controller_pkg' build argument 'catkin_skip_building_tests' from command line to 'False'
[0.235s] DEBUG:colcon.colcon_core.verb:Building package 'robot_controller_pkg' with the following arguments: {'ament_cmake_args': None, 'build_base': '/home/alfonso/coppelia_vision_control_ws/src/build/robot_controller_pkg', 'catkin_cmake_args': None, 'catkin_skip_building_tests': False, 'cmake_args': None, 'cmake_clean_cache': False, 'cmake_clean_first': False, 'cmake_force_configure': False, 'cmake_target': None, 'cmake_target_skip_unavailable': False, 'install_base': '/home/alfonso/coppelia_vision_control_ws/src/install/robot_controller_pkg', 'merge_install': False, 'path': '/home/alfonso/coppelia_vision_control_ws/src/robot_controller_pkg', 'symlink_install': False, 'test_result_base': None}
[0.235s] INFO:colcon.colcon_core.executor:Executing jobs using 'parallel' executor
[0.235s] DEBUG:colcon.colcon_parallel_executor.executor.parallel:run_until_complete
[0.236s] INFO:colcon.colcon_ros.task.ament_python.build:Building ROS package in '/home/alfonso/coppelia_vision_control_ws/src/camera_streamer_pkg' with build type 'ament_python'
[0.236s] Level 1:colcon.colcon_core.shell:create_environment_hook('camera_streamer_pkg', 'ament_prefix_path')
[0.237s] INFO:colcon.colcon_core.plugin_system:Skipping extension 'colcon_core.shell.bat': Not used on non-Windows systems
[0.237s] INFO:colcon.colcon_core.shell:Creating environment hook '/home/alfonso/coppelia_vision_control_ws/src/install/camera_streamer_pkg/share/camera_streamer_pkg/hook/ament_prefix_path.ps1'
[0.238s] INFO:colcon.colcon_core.shell:Creating environment descriptor '/home/alfonso/coppelia_vision_control_ws/src/install/camera_streamer_pkg/share/camera_streamer_pkg/hook/ament_prefix_path.dsv'
[0.238s] INFO:colcon.colcon_core.shell:Creating environment hook '/home/alfonso/coppelia_vision_control_ws/src/install/camera_streamer_pkg/share/camera_streamer_pkg/hook/ament_prefix_path.sh'
[0.238s] INFO:colcon.colcon_core.shell:Skip shell extension 'powershell' for command environment: Not usable outside of PowerShell
[0.238s] DEBUG:colcon.colcon_core.shell:Skip shell extension 'dsv' for command environment
[0.240s] INFO:colcon.colcon_ros.task.ament_python.build:Building ROS package in '/home/alfonso/coppelia_vision_control_ws/src/coppelia_bridge_pkg' with build type 'ament_python'
[0.240s] Level 1:colcon.colcon_core.shell:create_environment_hook('coppelia_bridge_pkg', 'ament_prefix_path')
[0.241s] INFO:colcon.colcon_core.shell:Creating environment hook '/home/alfonso/coppelia_vision_control_ws/src/install/coppelia_bridge_pkg/share/coppelia_bridge_pkg/hook/ament_prefix_path.ps1'
[0.241s] INFO:colcon.colcon_core.shell:Creating environment descriptor '/home/alfonso/coppelia_vision_control_ws/src/install/coppelia_bridge_pkg/share/coppelia_bridge_pkg/hook/ament_prefix_path.dsv'
[0.241s] INFO:colcon.colcon_core.shell:Creating environment hook '/home/alfonso/coppelia_vision_control_ws/src/install/coppelia_bridge_pkg/share/coppelia_bridge_pkg/hook/ament_prefix_path.sh'
[0.241s] INFO:colcon.colcon_core.shell:Skip shell extension 'powershell' for command environment: Not usable outside of PowerShell
[0.241s] DEBUG:colcon.colcon_core.shell:Skip shell extension 'dsv' for command environment
[0.243s] INFO:colcon.colcon_ros.task.ament_python.build:Building ROS package in '/home/alfonso/coppelia_vision_control_ws/src/robot_controller_pkg' with build type 'ament_python'
[0.244s] Level 1:colcon.colcon_core.shell:create_environment_hook('robot_controller_pkg', 'ament_prefix_path')
[0.244s] INFO:colcon.colcon_core.shell:Creating environment hook '/home/alfonso/coppelia_vision_control_ws/src/install/robot_controller_pkg/share/robot_controller_pkg/hook/ament_prefix_path.ps1'
[0.244s] INFO:colcon.colcon_core.shell:Creating environment descriptor '/home/alfonso/coppelia_vision_control_ws/src/install/robot_controller_pkg/share/robot_controller_pkg/hook/ament_prefix_path.dsv'
[0.244s] INFO:colcon.colcon_core.shell:Creating environment hook '/home/alfonso/coppelia_vision_control_ws/src/install/robot_controller_pkg/share/robot_controller_pkg/hook/ament_prefix_path.sh'
[0.245s] INFO:colcon.colcon_core.shell:Skip shell extension 'powershell' for command environment: Not usable outside of PowerShell
[0.245s] DEBUG:colcon.colcon_core.shell:Skip shell extension 'dsv' for command environment
[0.436s] INFO:colcon.colcon_core.task.python.build:Building Python package in '/home/alfonso/coppelia_vision_control_ws/src/camera_streamer_pkg'
[0.437s] INFO:colcon.colcon_core.shell:Skip shell extension 'powershell' for command environment: Not usable outside of PowerShell
[0.437s] DEBUG:colcon.colcon_core.shell:Skip shell extension 'dsv' for command environment
[0.619s] INFO:colcon.colcon_core.task.python.build:Building Python package in '/home/alfonso/coppelia_vision_control_ws/src/coppelia_bridge_pkg'
[0.619s] INFO:colcon.colcon_core.shell:Skip shell extension 'powershell' for command environment: Not usable outside of PowerShell
[0.620s] DEBUG:colcon.colcon_core.shell:Skip shell extension 'dsv' for command environment
[0.799s] INFO:colcon.colcon_core.task.python.build:Building Python package in '/home/alfonso/coppelia_vision_control_ws/src/robot_controller_pkg'
[0.799s] INFO:colcon.colcon_core.shell:Skip shell extension 'powershell' for command environment: Not usable outside of PowerShell
[0.799s] DEBUG:colcon.colcon_core.shell:Skip shell extension 'dsv' for command environment
[1.145s] DEBUG:colcon.colcon_core.event_handler.log_command:Invoking command in '/home/alfonso/coppelia_vision_control_ws/src/coppelia_bridge_pkg': PYTHONPATH=/home/alfonso/coppelia_vision_control_ws/src/build/coppelia_bridge_pkg/prefix_override:/usr/lib/python3/dist-packages/colcon_core/task/python/colcon_distutils_commands:/home/alfonso/coppelia_vision_control_ws/src/install/coppelia_bridge_pkg/lib/python3.10/site-packages:${PYTHONPATH} /usr/bin/python3 -W ignore:setup.py install is deprecated -W ignore:easy_install command is deprecated setup.py egg_info --egg-base ../build/coppelia_bridge_pkg build --build-base /home/alfonso/coppelia_vision_control_ws/src/build/coppelia_bridge_pkg/build install --record /home/alfonso/coppelia_vision_control_ws/src/build/coppelia_bridge_pkg/install.log --single-version-externally-managed install_data
[1.152s] DEBUG:colcon.colcon_core.event_handler.log_command:Invoking command in '/home/alfonso/coppelia_vision_control_ws/src/camera_streamer_pkg': PYTHONPATH=/home/alfonso/coppelia_vision_control_ws/src/build/camera_streamer_pkg/prefix_override:/usr/lib/python3/dist-packages/colcon_core/task/python/colcon_distutils_commands:/home/alfonso/coppelia_vision_control_ws/src/install/camera_streamer_pkg/lib/python3.10/site-packages:${PYTHONPATH} /usr/bin/python3 -W ignore:setup.py install is deprecated -W ignore:easy_install command is deprecated setup.py egg_info --egg-base ../build/camera_streamer_pkg build --build-base /home/alfonso/coppelia_vision_control_ws/src/build/camera_streamer_pkg/build install --record /home/alfonso/coppelia_vision_control_ws/src/build/camera_streamer_pkg/install.log --single-version-externally-managed install_data
[1.180s] DEBUG:colcon.colcon_core.event_handler.log_command:Invoking command in '/home/alfonso/coppelia_vision_control_ws/src/robot_controller_pkg': PYTHONPATH=/home/alfonso/coppelia_vision_control_ws/src/build/robot_controller_pkg/prefix_override:/usr/lib/python3/dist-packages/colcon_core/task/python/colcon_distutils_commands:/home/alfonso/coppelia_vision_control_ws/src/install/robot_controller_pkg/lib/python3.10/site-packages:${PYTHONPATH} /usr/bin/python3 -W ignore:setup.py install is deprecated -W ignore:easy_install command is deprecated setup.py egg_info --egg-base ../build/robot_controller_pkg build --build-base /home/alfonso/coppelia_vision_control_ws/src/build/robot_controller_pkg/build install --record /home/alfonso/coppelia_vision_control_ws/src/build/robot_controller_pkg/install.log --single-version-externally-managed install_data
[1.413s] DEBUG:colcon.colcon_core.event_handler.log_command:Invoked command in '/home/alfonso/coppelia_vision_control_ws/src/camera_streamer_pkg' returned '0': PYTHONPATH=/home/alfonso/coppelia_vision_control_ws/src/build/camera_streamer_pkg/prefix_override:/usr/lib/python3/dist-packages/colcon_core/task/python/colcon_distutils_commands:/home/alfonso/coppelia_vision_control_ws/src/install/camera_streamer_pkg/lib/python3.10/site-packages:${PYTHONPATH} /usr/bin/python3 -W ignore:setup.py install is deprecated -W ignore:easy_install command is deprecated setup.py egg_info --egg-base ../build/camera_streamer_pkg build --build-base /home/alfonso/coppelia_vision_control_ws/src/build/camera_streamer_pkg/build install --record /home/alfonso/coppelia_vision_control_ws/src/build/camera_streamer_pkg/install.log --single-version-externally-managed install_data
[1.415s] Level 1:colcon.colcon_core.environment:checking '/home/alfonso/coppelia_vision_control_ws/src/install/camera_streamer_pkg' for CMake module files
[1.415s] Level 1:colcon.colcon_core.environment:checking '/home/alfonso/coppelia_vision_control_ws/src/install/camera_streamer_pkg' for CMake config files
[1.416s] Level 1:colcon.colcon_core.environment:checking '/home/alfonso/coppelia_vision_control_ws/src/install/camera_streamer_pkg/lib'
[1.416s] Level 1:colcon.colcon_core.environment:checking '/home/alfonso/coppelia_vision_control_ws/src/install/camera_streamer_pkg/bin'
[1.416s] Level 1:colcon.colcon_core.environment:checking '/home/alfonso/coppelia_vision_control_ws/src/install/camera_streamer_pkg/lib/pkgconfig/camera_streamer_pkg.pc'
[1.416s] Level 1:colcon.colcon_core.environment:checking '/home/alfonso/coppelia_vision_control_ws/src/install/camera_streamer_pkg/lib/python3.10/site-packages'
[1.416s] Level 1:colcon.colcon_core.shell:create_environment_hook('camera_streamer_pkg', 'pythonpath')
[1.416s] INFO:colcon.colcon_core.shell:Creating environment hook '/home/alfonso/coppelia_vision_control_ws/src/install/camera_streamer_pkg/share/camera_streamer_pkg/hook/pythonpath.ps1'
[1.417s] INFO:colcon.colcon_core.shell:Creating environment descriptor '/home/alfonso/coppelia_vision_control_ws/src/install/camera_streamer_pkg/share/camera_streamer_pkg/hook/pythonpath.dsv'
[1.417s] INFO:colcon.colcon_core.shell:Creating environment hook '/home/alfonso/coppelia_vision_control_ws/src/install/camera_streamer_pkg/share/camera_streamer_pkg/hook/pythonpath.sh'
[1.417s] Level 1:colcon.colcon_core.environment:checking '/home/alfonso/coppelia_vision_control_ws/src/install/camera_streamer_pkg/bin'
[1.417s] Level 1:colcon.colcon_core.environment:create_environment_scripts_only(camera_streamer_pkg)
[1.418s] INFO:colcon.colcon_core.shell:Creating package script '/home/alfonso/coppelia_vision_control_ws/src/install/camera_streamer_pkg/share/camera_streamer_pkg/package.ps1'
[1.418s] INFO:colcon.colcon_core.shell:Creating package descriptor '/home/alfonso/coppelia_vision_control_ws/src/install/camera_streamer_pkg/share/camera_streamer_pkg/package.dsv'
[1.419s] INFO:colcon.colcon_core.shell:Creating package script '/home/alfonso/coppelia_vision_control_ws/src/install/camera_streamer_pkg/share/camera_streamer_pkg/package.sh'
[1.419s] INFO:colcon.colcon_core.shell:Creating package script '/home/alfonso/coppelia_vision_control_ws/src/install/camera_streamer_pkg/share/camera_streamer_pkg/package.bash'
[1.420s] INFO:colcon.colcon_core.shell:Creating package script '/home/alfonso/coppelia_vision_control_ws/src/install/camera_streamer_pkg/share/camera_streamer_pkg/package.zsh'
[1.420s] Level 1:colcon.colcon_core.environment:create_file_with_runtime_dependencies(/home/alfonso/coppelia_vision_control_ws/src/install/camera_streamer_pkg/share/colcon-core/packages/camera_streamer_pkg)
[1.434s] Level 1:colcon.colcon_core.environment:checking '/home/alfonso/coppelia_vision_control_ws/src/install/coppelia_bridge_pkg' for CMake module files
[1.435s] DEBUG:colcon.colcon_core.event_handler.log_command:Invoked command in '/home/alfonso/coppelia_vision_control_ws/src/coppelia_bridge_pkg' returned '0': PYTHONPATH=/home/alfonso/coppelia_vision_control_ws/src/build/coppelia_bridge_pkg/prefix_override:/usr/lib/python3/dist-packages/colcon_core/task/python/colcon_distutils_commands:/home/alfonso/coppelia_vision_control_ws/src/install/coppelia_bridge_pkg/lib/python3.10/site-packages:${PYTHONPATH} /usr/bin/python3 -W ignore:setup.py install is deprecated -W ignore:easy_install command is deprecated setup.py egg_info --egg-base ../build/coppelia_bridge_pkg build --build-base /home/alfonso/coppelia_vision_control_ws/src/build/coppelia_bridge_pkg/build install --record /home/alfonso/coppelia_vision_control_ws/src/build/coppelia_bridge_pkg/install.log --single-version-externally-managed install_data
[1.435s] Level 1:colcon.colcon_core.environment:checking '/home/alfonso/coppelia_vision_control_ws/src/install/coppelia_bridge_pkg' for CMake config files
[1.436s] Level 1:colcon.colcon_core.environment:checking '/home/alfonso/coppelia_vision_control_ws/src/install/coppelia_bridge_pkg/lib'
[1.436s] Level 1:colcon.colcon_core.environment:checking '/home/alfonso/coppelia_vision_control_ws/src/install/coppelia_bridge_pkg/bin'
[1.436s] Level 1:colcon.colcon_core.environment:checking '/home/alfonso/coppelia_vision_control_ws/src/install/coppelia_bridge_pkg/lib/pkgconfig/coppelia_bridge_pkg.pc'
[1.436s] Level 1:colcon.colcon_core.environment:checking '/home/alfonso/coppelia_vision_control_ws/src/install/coppelia_bridge_pkg/lib/python3.10/site-packages'
[1.436s] Level 1:colcon.colcon_core.shell:create_environment_hook('coppelia_bridge_pkg', 'pythonpath')
[1.436s] INFO:colcon.colcon_core.shell:Creating environment hook '/home/alfonso/coppelia_vision_control_ws/src/install/coppelia_bridge_pkg/share/coppelia_bridge_pkg/hook/pythonpath.ps1'
[1.437s] INFO:colcon.colcon_core.shell:Creating environment descriptor '/home/alfonso/coppelia_vision_control_ws/src/install/coppelia_bridge_pkg/share/coppelia_bridge_pkg/hook/pythonpath.dsv'
[1.437s] INFO:colcon.colcon_core.shell:Creating environment hook '/home/alfonso/coppelia_vision_control_ws/src/install/coppelia_bridge_pkg/share/coppelia_bridge_pkg/hook/pythonpath.sh'
[1.438s] Level 1:colcon.colcon_core.environment:checking '/home/alfonso/coppelia_vision_control_ws/src/install/coppelia_bridge_pkg/bin'
[1.438s] Level 1:colcon.colcon_core.environment:create_environment_scripts_only(coppelia_bridge_pkg)
[1.438s] INFO:colcon.colcon_core.shell:Creating package script '/home/alfonso/coppelia_vision_control_ws/src/install/coppelia_bridge_pkg/share/coppelia_bridge_pkg/package.ps1'
[1.439s] INFO:colcon.colcon_core.shell:Creating package descriptor '/home/alfonso/coppelia_vision_control_ws/src/install/coppelia_bridge_pkg/share/coppelia_bridge_pkg/package.dsv'
[1.439s] INFO:colcon.colcon_core.shell:Creating package script '/home/alfonso/coppelia_vision_control_ws/src/install/coppelia_bridge_pkg/share/coppelia_bridge_pkg/package.sh'
[1.439s] INFO:colcon.colcon_core.shell:Creating package script '/home/alfonso/coppelia_vision_control_ws/src/install/coppelia_bridge_pkg/share/coppelia_bridge_pkg/package.bash'
[1.440s] INFO:colcon.colcon_core.shell:Creating package script '/home/alfonso/coppelia_vision_control_ws/src/install/coppelia_bridge_pkg/share/coppelia_bridge_pkg/package.zsh'
[1.440s] Level 1:colcon.colcon_core.environment:create_file_with_runtime_dependencies(/home/alfonso/coppelia_vision_control_ws/src/install/coppelia_bridge_pkg/share/colcon-core/packages/coppelia_bridge_pkg)
[1.459s] Level 1:colcon.colcon_core.environment:checking '/home/alfonso/coppelia_vision_control_ws/src/install/robot_controller_pkg' for CMake module files
[1.459s] DEBUG:colcon.colcon_core.event_handler.log_command:Invoked command in '/home/alfonso/coppelia_vision_control_ws/src/robot_controller_pkg' returned '0': PYTHONPATH=/home/alfonso/coppelia_vision_control_ws/src/build/robot_controller_pkg/prefix_override:/usr/lib/python3/dist-packages/colcon_core/task/python/colcon_distutils_commands:/home/alfonso/coppelia_vision_control_ws/src/install/robot_controller_pkg/lib/python3.10/site-packages:${PYTHONPATH} /usr/bin/python3 -W ignore:setup.py install is deprecated -W ignore:easy_install command is deprecated setup.py egg_info --egg-base ../build/robot_controller_pkg build --build-base /home/alfonso/coppelia_vision_control_ws/src/build/robot_controller_pkg/build install --record /home/alfonso/coppelia_vision_control_ws/src/build/robot_controller_pkg/install.log --single-version-externally-managed install_data
[1.459s] Level 1:colcon.colcon_core.environment:checking '/home/alfonso/coppelia_vision_control_ws/src/install/robot_controller_pkg' for CMake config files
[1.460s] Level 1:colcon.colcon_core.environment:checking '/home/alfonso/coppelia_vision_control_ws/src/install/robot_controller_pkg/lib'
[1.460s] Level 1:colcon.colcon_core.environment:checking '/home/alfonso/coppelia_vision_control_ws/src/install/robot_controller_pkg/bin'
[1.460s] Level 1:colcon.colcon_core.environment:checking '/home/alfonso/coppelia_vision_control_ws/src/install/robot_controller_pkg/lib/pkgconfig/robot_controller_pkg.pc'
[1.460s] Level 1:colcon.colcon_core.environment:checking '/home/alfonso/coppelia_vision_control_ws/src/install/robot_controller_pkg/lib/python3.10/site-packages'
[1.460s] Level 1:colcon.colcon_core.shell:create_environment_hook('robot_controller_pkg', 'pythonpath')
[1.460s] INFO:colcon.colcon_core.shell:Creating environment hook '/home/alfonso/coppelia_vision_control_ws/src/install/robot_controller_pkg/share/robot_controller_pkg/hook/pythonpath.ps1'
[1.461s] INFO:colcon.colcon_core.shell:Creating environment descriptor '/home/alfonso/coppelia_vision_control_ws/src/install/robot_controller_pkg/share/robot_controller_pkg/hook/pythonpath.dsv'
[1.461s] INFO:colcon.colcon_core.shell:Creating environment hook '/home/alfonso/coppelia_vision_control_ws/src/install/robot_controller_pkg/share/robot_controller_pkg/hook/pythonpath.sh'
[1.462s] Level 1:colcon.colcon_core.environment:checking '/home/alfonso/coppelia_vision_control_ws/src/install/robot_controller_pkg/bin'
[1.462s] Level 1:colcon.colcon_core.environment:create_environment_scripts_only(robot_controller_pkg)
[1.462s] INFO:colcon.colcon_core.shell:Creating package script '/home/alfonso/coppelia_vision_control_ws/src/install/robot_controller_pkg/share/robot_controller_pkg/package.ps1'
[1.463s] INFO:colcon.colcon_core.shell:Creating package descriptor '/home/alfonso/coppelia_vision_control_ws/src/install/robot_controller_pkg/share/robot_controller_pkg/package.dsv'
[1.463s] INFO:colcon.colcon_core.shell:Creating package script '/home/alfonso/coppelia_vision_control_ws/src/install/robot_controller_pkg/share/robot_controller_pkg/package.sh'
[1.464s] INFO:colcon.colcon_core.shell:Creating package script '/home/alfonso/coppelia_vision_control_ws/src/install/robot_controller_pkg/share/robot_controller_pkg/package.bash'
[1.464s] INFO:colcon.colcon_core.shell:Creating package script '/home/alfonso/coppelia_vision_control_ws/src/install/robot_controller_pkg/share/robot_controller_pkg/package.zsh'
[1.464s] Level 1:colcon.colcon_core.environment:create_file_with_runtime_dependencies(/home/alfonso/coppelia_vision_control_ws/src/install/robot_controller_pkg/share/colcon-core/packages/robot_controller_pkg)
[1.464s] DEBUG:colcon.colcon_parallel_executor.executor.parallel:closing loop
[1.465s] DEBUG:colcon.colcon_parallel_executor.executor.parallel:loop closed
[1.465s] DEBUG:colcon.colcon_parallel_executor.executor.parallel:run_until_complete finished with '0'
[1.465s] DEBUG:colcon.colcon_core.event_reactor:joining thread
[1.470s] INFO:colcon.colcon_core.plugin_system:Skipping extension 'colcon_notification.desktop_notification.terminal_notifier': Not used on non-Darwin systems
[1.470s] INFO:colcon.colcon_core.plugin_system:Skipping extension 'colcon_notification.desktop_notification.win32': Not used on non-Windows systems
[1.470s] INFO:colcon.colcon_notification.desktop_notification:Sending desktop notification using 'notify2'
[1.481s] DEBUG:colcon.colcon_core.event_reactor:joined thread
[1.481s] INFO:colcon.colcon_core.shell:Creating prefix script '/home/alfonso/coppelia_vision_control_ws/src/install/local_setup.ps1'
[1.482s] INFO:colcon.colcon_core.shell:Creating prefix util module '/home/alfonso/coppelia_vision_control_ws/src/install/_local_setup_util_ps1.py'
[1.483s] INFO:colcon.colcon_core.shell:Creating prefix chain script '/home/alfonso/coppelia_vision_control_ws/src/install/setup.ps1'
[1.484s] INFO:colcon.colcon_core.shell:Creating prefix script '/home/alfonso/coppelia_vision_control_ws/src/install/local_setup.sh'
[1.484s] INFO:colcon.colcon_core.shell:Creating prefix util module '/home/alfonso/coppelia_vision_control_ws/src/install/_local_setup_util_sh.py'
[1.485s] INFO:colcon.colcon_core.shell:Creating prefix chain script '/home/alfonso/coppelia_vision_control_ws/src/install/setup.sh'
[1.486s] INFO:colcon.colcon_core.shell:Creating prefix script '/home/alfonso/coppelia_vision_control_ws/src/install/local_setup.bash'
[1.486s] INFO:colcon.colcon_core.shell:Creating prefix chain script '/home/alfonso/coppelia_vision_control_ws/src/install/setup.bash'
[1.487s] INFO:colcon.colcon_core.shell:Creating prefix script '/home/alfonso/coppelia_vision_control_ws/src/install/local_setup.zsh'
[1.487s] INFO:colcon.colcon_core.shell:Creating prefix chain script '/home/alfonso/coppelia_vision_control_ws/src/install/setup.zsh'
