[0.062s] DEBUG:colcon:Command line arguments: ['/usr/bin/colcon', 'build']
[0.062s] DEBUG:colcon:Parsed command line arguments: Namespace(log_base=None, log_level=None, verb_name='build', build_base='build', install_base='install', merge_install=False, symlink_install=False, test_result_base=None, continue_on_error=False, executor='parallel', parallel_workers=12, event_handlers=None, ignore_user_meta=False, metas=['./colcon.meta'], base_paths=['.'], packages_ignore=None, packages_ignore_regex=None, paths=None, packages_up_to=None, packages_up_to_regex=None, packages_above=None, packages_above_and_dependencies=None, packages_above_depth=None, packages_select_by_dep=None, packages_skip_by_dep=None, packages_skip_up_to=None, packages_select_build_failed=False, packages_skip_build_finished=False, packages_select_test_failures=False, packages_skip_test_passed=False, packages_select=None, packages_skip=None, packages_select_regex=None, packages_skip_regex=None, packages_start=None, packages_end=None, allow_overriding=[], cmake_args=None, cmake_target=None, cmake_target_skip_unavailable=False, cmake_clean_cache=False, cmake_clean_first=False, cmake_force_configure=False, ament_cmake_args=None, catkin_cmake_args=None, catkin_skip_building_tests=False, mixin_files=None, mixin=None, verb_parser=<colcon_mixin.mixin.mixin_argument.MixinArgumentDecorator object at 0x729bf1da4f10>, verb_extension=<colcon_core.verb.build.BuildVerb object at 0x729bf1da4940>, main=<bound method BuildVerb.main of <colcon_core.verb.build.BuildVerb object at 0x729bf1da4940>>, mixin_verb=('build',))
[0.169s] Level 1:colcon.colcon_core.package_discovery:discover_packages(colcon_meta) check parameters
[0.169s] Level 1:colcon.colcon_core.package_discovery:discover_packages(recursive) check parameters
[0.169s] Level 1:colcon.colcon_core.package_discovery:discover_packages(ignore) check parameters
[0.169s] Level 1:colcon.colcon_core.package_discovery:discover_packages(path) check parameters
[0.169s] Level 1:colcon.colcon_core.package_discovery:discover_packages(colcon_meta) discover
[0.169s] Level 1:colcon.colcon_core.package_discovery:discover_packages(recursive) discover
[0.169s] INFO:colcon.colcon_core.package_discovery:Crawling recursively for packages in '/home/alfonso/coppelia_vision_control_ws/src'
[0.169s] Level 1:colcon.colcon_core.package_identification:_identify(.) by extensions ['ignore', 'ignore_ament_install']
[0.169s] Level 1:colcon.colcon_core.package_identification:_identify(.) by extension 'ignore'
[0.169s] Level 1:colcon.colcon_core.package_identification:_identify(.) by extension 'ignore_ament_install'
[0.169s] Level 1:colcon.colcon_core.package_identification:_identify(.) by extensions ['colcon_pkg']
[0.169s] Level 1:colcon.colcon_core.package_identification:_identify(.) by extension 'colcon_pkg'
[0.169s] Level 1:colcon.colcon_core.package_identification:_identify(.) by extensions ['colcon_meta']
[0.169s] Level 1:colcon.colcon_core.package_identification:_identify(.) by extension 'colcon_meta'
[0.169s] Level 1:colcon.colcon_core.package_identification:_identify(.) by extensions ['ros']
[0.169s] Level 1:colcon.colcon_core.package_identification:_identify(.) by extension 'ros'
[0.181s] Level 1:colcon.colcon_core.package_identification:_identify(.) by extensions ['cmake', 'python']
[0.181s] Level 1:colcon.colcon_core.package_identification:_identify(.) by extension 'cmake'
[0.181s] Level 1:colcon.colcon_core.package_identification:_identify(.) by extension 'python'
[0.181s] Level 1:colcon.colcon_core.package_identification:_identify(.) by extensions ['python_setup_py']
[0.181s] Level 1:colcon.colcon_core.package_identification:_identify(.) by extension 'python_setup_py'
[0.181s] Level 1:colcon.colcon_core.package_identification:_identify(build) by extensions ['ignore', 'ignore_ament_install']
[0.181s] Level 1:colcon.colcon_core.package_identification:_identify(build) by extension 'ignore'
[0.181s] Level 1:colcon.colcon_core.package_identification:_identify(build) ignored
[0.181s] Level 1:colcon.colcon_core.package_identification:_identify(camera_streamer_pkg) by extensions ['ignore', 'ignore_ament_install']
[0.181s] Level 1:colcon.colcon_core.package_identification:_identify(camera_streamer_pkg) by extension 'ignore'
[0.181s] Level 1:colcon.colcon_core.package_identification:_identify(camera_streamer_pkg) by extension 'ignore_ament_install'
[0.181s] Level 1:colcon.colcon_core.package_identification:_identify(camera_streamer_pkg) by extensions ['colcon_pkg']
[0.181s] Level 1:colcon.colcon_core.package_identification:_identify(camera_streamer_pkg) by extension 'colcon_pkg'
[0.181s] Level 1:colcon.colcon_core.package_identification:_identify(camera_streamer_pkg) by extensions ['colcon_meta']
[0.181s] Level 1:colcon.colcon_core.package_identification:_identify(camera_streamer_pkg) by extension 'colcon_meta'
[0.181s] Level 1:colcon.colcon_core.package_identification:_identify(camera_streamer_pkg) by extensions ['ros']
[0.181s] Level 1:colcon.colcon_core.package_identification:_identify(camera_streamer_pkg) by extension 'ros'
[0.183s] DEBUG:colcon.colcon_core.package_identification:Package 'camera_streamer_pkg' with type 'ros.ament_python' and name 'camera_streamer_pkg'
[0.183s] Level 1:colcon.colcon_core.package_identification:_identify(coppelia_bridge_pkg) by extensions ['ignore', 'ignore_ament_install']
[0.183s] Level 1:colcon.colcon_core.package_identification:_identify(coppelia_bridge_pkg) by extension 'ignore'
[0.183s] Level 1:colcon.colcon_core.package_identification:_identify(coppelia_bridge_pkg) by extension 'ignore_ament_install'
[0.183s] Level 1:colcon.colcon_core.package_identification:_identify(coppelia_bridge_pkg) by extensions ['colcon_pkg']
[0.183s] Level 1:colcon.colcon_core.package_identification:_identify(coppelia_bridge_pkg) by extension 'colcon_pkg'
[0.183s] Level 1:colcon.colcon_core.package_identification:_identify(coppelia_bridge_pkg) by extensions ['colcon_meta']
[0.183s] Level 1:colcon.colcon_core.package_identification:_identify(coppelia_bridge_pkg) by extension 'colcon_meta'
[0.183s] Level 1:colcon.colcon_core.package_identification:_identify(coppelia_bridge_pkg) by extensions ['ros']
[0.183s] Level 1:colcon.colcon_core.package_identification:_identify(coppelia_bridge_pkg) by extension 'ros'
[0.183s] DEBUG:colcon.colcon_core.package_identification:Package 'coppelia_bridge_pkg' with type 'ros.ament_python' and name 'coppelia_bridge_pkg'
[0.183s] Level 1:colcon.colcon_core.package_identification:_identify(install) by extensions ['ignore', 'ignore_ament_install']
[0.183s] Level 1:colcon.colcon_core.package_identification:_identify(install) by extension 'ignore'
[0.183s] Level 1:colcon.colcon_core.package_identification:_identify(install) ignored
[0.184s] Level 1:colcon.colcon_core.package_identification:_identify(log) by extensions ['ignore', 'ignore_ament_install']
[0.184s] Level 1:colcon.colcon_core.package_identification:_identify(log) by extension 'ignore'
[0.184s] Level 1:colcon.colcon_core.package_identification:_identify(log) ignored
[0.184s] Level 1:colcon.colcon_core.package_identification:_identify(robot_controller_pkg) by extensions ['ignore', 'ignore_ament_install']
[0.184s] Level 1:colcon.colcon_core.package_identification:_identify(robot_controller_pkg) by extension 'ignore'
[0.184s] Level 1:colcon.colcon_core.package_identification:_identify(robot_controller_pkg) by extension 'ignore_ament_install'
[0.184s] Level 1:colcon.colcon_core.package_identification:_identify(robot_controller_pkg) by extensions ['colcon_pkg']
[0.184s] Level 1:colcon.colcon_core.package_identification:_identify(robot_controller_pkg) by extension 'colcon_pkg'
[0.184s] Level 1:colcon.colcon_core.package_identification:_identify(robot_controller_pkg) by extensions ['colcon_meta']
[0.184s] Level 1:colcon.colcon_core.package_identification:_identify(robot_controller_pkg) by extension 'colcon_meta'
[0.184s] Level 1:colcon.colcon_core.package_identification:_identify(robot_controller_pkg) by extensions ['ros']
[0.184s] Level 1:colcon.colcon_core.package_identification:_identify(robot_controller_pkg) by extension 'ros'
[0.184s] DEBUG:colcon.colcon_core.package_identification:Package 'robot_controller_pkg' with type 'ros.ament_python' and name 'robot_controller_pkg'
[0.184s] Level 1:colcon.colcon_core.package_discovery:discover_packages(recursive) using defaults
[0.184s] Level 1:colcon.colcon_core.package_discovery:discover_packages(ignore) discover
[0.184s] Level 1:colcon.colcon_core.package_discovery:discover_packages(ignore) using defaults
[0.184s] Level 1:colcon.colcon_core.package_discovery:discover_packages(path) discover
[0.184s] Level 1:colcon.colcon_core.package_discovery:discover_packages(path) using defaults
[0.196s] Level 1:colcon.colcon_core.package_discovery:discover_packages(prefix_path) check parameters
[0.196s] Level 1:colcon.colcon_core.package_discovery:discover_packages(prefix_path) discover
[0.198s] DEBUG:colcon.colcon_installed_package_information.package_discovery:Found 344 installed packages in /opt/ros/humble
[0.199s] Level 1:colcon.colcon_core.package_discovery:discover_packages(prefix_path) using defaults
[0.219s] Level 5:colcon.colcon_core.verb:set package 'camera_streamer_pkg' build argument 'cmake_args' from command line to 'None'
[0.219s] Level 5:colcon.colcon_core.verb:set package 'camera_streamer_pkg' build argument 'cmake_target' from command line to 'None'
[0.219s] Level 5:colcon.colcon_core.verb:set package 'camera_streamer_pkg' build argument 'cmake_target_skip_unavailable' from command line to 'False'
[0.219s] Level 5:colcon.colcon_core.verb:set package 'camera_streamer_pkg' build argument 'cmake_clean_cache' from command line to 'False'
[0.219s] Level 5:colcon.colcon_core.verb:set package 'camera_streamer_pkg' build argument 'cmake_clean_first' from command line to 'False'
[0.219s] Level 5:colcon.colcon_core.verb:set package 'camera_streamer_pkg' build argument 'cmake_force_configure' from command line to 'False'
[0.219s] Level 5:colcon.colcon_core.verb:set package 'camera_streamer_pkg' build argument 'ament_cmake_args' from command line to 'None'
[0.219s] Level 5:colcon.colcon_core.verb:set package 'camera_streamer_pkg' build argument 'catkin_cmake_args' from command line to 'None'
[0.219s] Level 5:colcon.colcon_core.verb:set package 'camera_streamer_pkg' build argument 'catkin_skip_building_tests' from command line to 'False'
[0.219s] DEBUG:colcon.colcon_core.verb:Building package 'camera_streamer_pkg' with the following arguments: {'ament_cmake_args': None, 'build_base': '/home/alfonso/coppelia_vision_control_ws/src/build/camera_streamer_pkg', 'catkin_cmake_args': None, 'catkin_skip_building_tests': False, 'cmake_args': None, 'cmake_clean_cache': False, 'cmake_clean_first': False, 'cmake_force_configure': False, 'cmake_target': None, 'cmake_target_skip_unavailable': False, 'install_base': '/home/alfonso/coppelia_vision_control_ws/src/install/camera_streamer_pkg', 'merge_install': False, 'path': '/home/alfonso/coppelia_vision_control_ws/src/camera_streamer_pkg', 'symlink_install': False, 'test_result_base': None}
[0.219s] Level 5:colcon.colcon_core.verb:set package 'coppelia_bridge_pkg' build argument 'cmake_args' from command line to 'None'
[0.219s] Level 5:colcon.colcon_core.verb:set package 'coppelia_bridge_pkg' build argument 'cmake_target' from command line to 'None'
[0.219s] Level 5:colcon.colcon_core.verb:set package 'coppelia_bridge_pkg' build argument 'cmake_target_skip_unavailable' from command line to 'False'
[0.219s] Level 5:colcon.colcon_core.verb:set package 'coppelia_bridge_pkg' build argument 'cmake_clean_cache' from command line to 'False'
[0.219s] Level 5:colcon.colcon_core.verb:set package 'coppelia_bridge_pkg' build argument 'cmake_clean_first' from command line to 'False'
[0.219s] Level 5:colcon.colcon_core.verb:set package 'coppelia_bridge_pkg' build argument 'cmake_force_configure' from command line to 'False'
[0.219s] Level 5:colcon.colcon_core.verb:set package 'coppelia_bridge_pkg' build argument 'ament_cmake_args' from command line to 'None'
[0.219s] Level 5:colcon.colcon_core.verb:set package 'coppelia_bridge_pkg' build argument 'catkin_cmake_args' from command line to 'None'
[0.219s] Level 5:colcon.colcon_core.verb:set package 'coppelia_bridge_pkg' build argument 'catkin_skip_building_tests' from command line to 'False'
[0.219s] DEBUG:colcon.colcon_core.verb:Building package 'coppelia_bridge_pkg' with the following arguments: {'ament_cmake_args': None, 'build_base': '/home/alfonso/coppelia_vision_control_ws/src/build/coppelia_bridge_pkg', 'catkin_cmake_args': None, 'catkin_skip_building_tests': False, 'cmake_args': None, 'cmake_clean_cache': False, 'cmake_clean_first': False, 'cmake_force_configure': False, 'cmake_target': None, 'cmake_target_skip_unavailable': False, 'install_base': '/home/alfonso/coppelia_vision_control_ws/src/install/coppelia_bridge_pkg', 'merge_install': False, 'path': '/home/alfonso/coppelia_vision_control_ws/src/coppelia_bridge_pkg', 'symlink_install': False, 'test_result_base': None}
[0.220s] Level 5:colcon.colcon_core.verb:set package 'robot_controller_pkg' build argument 'cmake_args' from command line to 'None'
[0.220s] Level 5:colcon.colcon_core.verb:set package 'robot_controller_pkg' build argument 'cmake_target' from command line to 'None'
[0.220s] Level 5:colcon.colcon_core.verb:set package 'robot_controller_pkg' build argument 'cmake_target_skip_unavailable' from command line to 'False'
[0.220s] Level 5:colcon.colcon_core.verb:set package 'robot_controller_pkg' build argument 'cmake_clean_cache' from command line to 'False'
[0.220s] Level 5:colcon.colcon_core.verb:set package 'robot_controller_pkg' build argument 'cmake_clean_first' from command line to 'False'
[0.220s] Level 5:colcon.colcon_core.verb:set package 'robot_controller_pkg' build argument 'cmake_force_configure' from command line to 'False'
[0.220s] Level 5:colcon.colcon_core.verb:set package 'robot_controller_pkg' build argument 'ament_cmake_args' from command line to 'None'
[0.220s] Level 5:colcon.colcon_core.verb:set package 'robot_controller_pkg' build argument 'catkin_cmake_args' from command line to 'None'
[0.220s] Level 5:colcon.colcon_core.verb:set package 'robot_controller_pkg' build argument 'catkin_skip_building_tests' from command line to 'False'
[0.220s] DEBUG:colcon.colcon_core.verb:Building package 'robot_controller_pkg' with the following arguments: {'ament_cmake_args': None, 'build_base': '/home/alfonso/coppelia_vision_control_ws/src/build/robot_controller_pkg', 'catkin_cmake_args': None, 'catkin_skip_building_tests': False, 'cmake_args': None, 'cmake_clean_cache': False, 'cmake_clean_first': False, 'cmake_force_configure': False, 'cmake_target': None, 'cmake_target_skip_unavailable': False, 'install_base': '/home/alfonso/coppelia_vision_control_ws/src/install/robot_controller_pkg', 'merge_install': False, 'path': '/home/alfonso/coppelia_vision_control_ws/src/robot_controller_pkg', 'symlink_install': False, 'test_result_base': None}
[0.220s] INFO:colcon.colcon_core.executor:Executing jobs using 'parallel' executor
[0.220s] DEBUG:colcon.colcon_parallel_executor.executor.parallel:run_until_complete
[0.221s] INFO:colcon.colcon_ros.task.ament_python.build:Building ROS package in '/home/alfonso/coppelia_vision_control_ws/src/camera_streamer_pkg' with build type 'ament_python'
[0.221s] Level 1:colcon.colcon_core.shell:create_environment_hook('camera_streamer_pkg', 'ament_prefix_path')
[0.222s] INFO:colcon.colcon_core.plugin_system:Skipping extension 'colcon_core.shell.bat': Not used on non-Windows systems
[0.222s] INFO:colcon.colcon_core.shell:Creating environment hook '/home/alfonso/coppelia_vision_control_ws/src/install/camera_streamer_pkg/share/camera_streamer_pkg/hook/ament_prefix_path.ps1'
[0.222s] INFO:colcon.colcon_core.shell:Creating environment descriptor '/home/alfonso/coppelia_vision_control_ws/src/install/camera_streamer_pkg/share/camera_streamer_pkg/hook/ament_prefix_path.dsv'
[0.223s] INFO:colcon.colcon_core.shell:Creating environment hook '/home/alfonso/coppelia_vision_control_ws/src/install/camera_streamer_pkg/share/camera_streamer_pkg/hook/ament_prefix_path.sh'
[0.223s] INFO:colcon.colcon_core.shell:Skip shell extension 'powershell' for command environment: Not usable outside of PowerShell
[0.223s] DEBUG:colcon.colcon_core.shell:Skip shell extension 'dsv' for command environment
[0.225s] INFO:colcon.colcon_ros.task.ament_python.build:Building ROS package in '/home/alfonso/coppelia_vision_control_ws/src/coppelia_bridge_pkg' with build type 'ament_python'
[0.225s] Level 1:colcon.colcon_core.shell:create_environment_hook('coppelia_bridge_pkg', 'ament_prefix_path')
[0.225s] INFO:colcon.colcon_core.shell:Creating environment hook '/home/alfonso/coppelia_vision_control_ws/src/install/coppelia_bridge_pkg/share/coppelia_bridge_pkg/hook/ament_prefix_path.ps1'
[0.225s] INFO:colcon.colcon_core.shell:Creating environment descriptor '/home/alfonso/coppelia_vision_control_ws/src/install/coppelia_bridge_pkg/share/coppelia_bridge_pkg/hook/ament_prefix_path.dsv'
[0.225s] INFO:colcon.colcon_core.shell:Creating environment hook '/home/alfonso/coppelia_vision_control_ws/src/install/coppelia_bridge_pkg/share/coppelia_bridge_pkg/hook/ament_prefix_path.sh'
[0.226s] INFO:colcon.colcon_core.shell:Skip shell extension 'powershell' for command environment: Not usable outside of PowerShell
[0.226s] DEBUG:colcon.colcon_core.shell:Skip shell extension 'dsv' for command environment
[0.227s] INFO:colcon.colcon_ros.task.ament_python.build:Building ROS package in '/home/alfonso/coppelia_vision_control_ws/src/robot_controller_pkg' with build type 'ament_python'
[0.228s] Level 1:colcon.colcon_core.shell:create_environment_hook('robot_controller_pkg', 'ament_prefix_path')
[0.228s] INFO:colcon.colcon_core.shell:Creating environment hook '/home/alfonso/coppelia_vision_control_ws/src/install/robot_controller_pkg/share/robot_controller_pkg/hook/ament_prefix_path.ps1'
[0.228s] INFO:colcon.colcon_core.shell:Creating environment descriptor '/home/alfonso/coppelia_vision_control_ws/src/install/robot_controller_pkg/share/robot_controller_pkg/hook/ament_prefix_path.dsv'
[0.228s] INFO:colcon.colcon_core.shell:Creating environment hook '/home/alfonso/coppelia_vision_control_ws/src/install/robot_controller_pkg/share/robot_controller_pkg/hook/ament_prefix_path.sh'
[0.229s] INFO:colcon.colcon_core.shell:Skip shell extension 'powershell' for command environment: Not usable outside of PowerShell
[0.229s] DEBUG:colcon.colcon_core.shell:Skip shell extension 'dsv' for command environment
[0.404s] INFO:colcon.colcon_core.task.python.build:Building Python package in '/home/alfonso/coppelia_vision_control_ws/src/camera_streamer_pkg'
[0.404s] INFO:colcon.colcon_core.shell:Skip shell extension 'powershell' for command environment: Not usable outside of PowerShell
[0.404s] DEBUG:colcon.colcon_core.shell:Skip shell extension 'dsv' for command environment
[0.585s] INFO:colcon.colcon_core.task.python.build:Building Python package in '/home/alfonso/coppelia_vision_control_ws/src/coppelia_bridge_pkg'
[0.586s] INFO:colcon.colcon_core.shell:Skip shell extension 'powershell' for command environment: Not usable outside of PowerShell
[0.586s] DEBUG:colcon.colcon_core.shell:Skip shell extension 'dsv' for command environment
[0.748s] INFO:colcon.colcon_core.task.python.build:Building Python package in '/home/alfonso/coppelia_vision_control_ws/src/robot_controller_pkg'
[0.749s] INFO:colcon.colcon_core.shell:Skip shell extension 'powershell' for command environment: Not usable outside of PowerShell
[0.749s] DEBUG:colcon.colcon_core.shell:Skip shell extension 'dsv' for command environment
[1.070s] DEBUG:colcon.colcon_core.event_handler.log_command:Invoking command in '/home/alfonso/coppelia_vision_control_ws/src/camera_streamer_pkg': PYTHONPATH=/home/alfonso/coppelia_vision_control_ws/src/build/camera_streamer_pkg/prefix_override:/usr/lib/python3/dist-packages/colcon_core/task/python/colcon_distutils_commands:/home/alfonso/coppelia_vision_control_ws/src/install/camera_streamer_pkg/lib/python3.10/site-packages:${PYTHONPATH} /usr/bin/python3 -W ignore:setup.py install is deprecated -W ignore:easy_install command is deprecated setup.py egg_info --egg-base ../build/camera_streamer_pkg build --build-base /home/alfonso/coppelia_vision_control_ws/src/build/camera_streamer_pkg/build install --record /home/alfonso/coppelia_vision_control_ws/src/build/camera_streamer_pkg/install.log --single-version-externally-managed install_data
[1.071s] DEBUG:colcon.colcon_core.event_handler.log_command:Invoking command in '/home/alfonso/coppelia_vision_control_ws/src/robot_controller_pkg': PYTHONPATH=/home/alfonso/coppelia_vision_control_ws/src/build/robot_controller_pkg/prefix_override:/usr/lib/python3/dist-packages/colcon_core/task/python/colcon_distutils_commands:/home/alfonso/coppelia_vision_control_ws/src/install/robot_controller_pkg/lib/python3.10/site-packages:${PYTHONPATH} /usr/bin/python3 -W ignore:setup.py install is deprecated -W ignore:easy_install command is deprecated setup.py egg_info --egg-base ../build/robot_controller_pkg build --build-base /home/alfonso/coppelia_vision_control_ws/src/build/robot_controller_pkg/build install --record /home/alfonso/coppelia_vision_control_ws/src/build/robot_controller_pkg/install.log --single-version-externally-managed install_data
[1.072s] DEBUG:colcon.colcon_core.event_handler.log_command:Invoking command in '/home/alfonso/coppelia_vision_control_ws/src/coppelia_bridge_pkg': PYTHONPATH=/home/alfonso/coppelia_vision_control_ws/src/build/coppelia_bridge_pkg/prefix_override:/usr/lib/python3/dist-packages/colcon_core/task/python/colcon_distutils_commands:/home/alfonso/coppelia_vision_control_ws/src/install/coppelia_bridge_pkg/lib/python3.10/site-packages:${PYTHONPATH} /usr/bin/python3 -W ignore:setup.py install is deprecated -W ignore:easy_install command is deprecated setup.py egg_info --egg-base ../build/coppelia_bridge_pkg build --build-base /home/alfonso/coppelia_vision_control_ws/src/build/coppelia_bridge_pkg/build install --record /home/alfonso/coppelia_vision_control_ws/src/build/coppelia_bridge_pkg/install.log --single-version-externally-managed install_data
[1.316s] DEBUG:colcon.colcon_core.event_handler.log_command:Invoked command in '/home/alfonso/coppelia_vision_control_ws/src/robot_controller_pkg' returned '0': PYTHONPATH=/home/alfonso/coppelia_vision_control_ws/src/build/robot_controller_pkg/prefix_override:/usr/lib/python3/dist-packages/colcon_core/task/python/colcon_distutils_commands:/home/alfonso/coppelia_vision_control_ws/src/install/robot_controller_pkg/lib/python3.10/site-packages:${PYTHONPATH} /usr/bin/python3 -W ignore:setup.py install is deprecated -W ignore:easy_install command is deprecated setup.py egg_info --egg-base ../build/robot_controller_pkg build --build-base /home/alfonso/coppelia_vision_control_ws/src/build/robot_controller_pkg/build install --record /home/alfonso/coppelia_vision_control_ws/src/build/robot_controller_pkg/install.log --single-version-externally-managed install_data
[1.318s] Level 1:colcon.colcon_core.environment:checking '/home/alfonso/coppelia_vision_control_ws/src/install/robot_controller_pkg' for CMake module files
[1.319s] Level 1:colcon.colcon_core.environment:checking '/home/alfonso/coppelia_vision_control_ws/src/install/robot_controller_pkg' for CMake config files
[1.319s] Level 1:colcon.colcon_core.environment:checking '/home/alfonso/coppelia_vision_control_ws/src/install/robot_controller_pkg/lib'
[1.319s] Level 1:colcon.colcon_core.environment:checking '/home/alfonso/coppelia_vision_control_ws/src/install/robot_controller_pkg/bin'
[1.319s] Level 1:colcon.colcon_core.environment:checking '/home/alfonso/coppelia_vision_control_ws/src/install/robot_controller_pkg/lib/pkgconfig/robot_controller_pkg.pc'
[1.319s] Level 1:colcon.colcon_core.environment:checking '/home/alfonso/coppelia_vision_control_ws/src/install/robot_controller_pkg/lib/python3.10/site-packages'
[1.320s] Level 1:colcon.colcon_core.shell:create_environment_hook('robot_controller_pkg', 'pythonpath')
[1.320s] INFO:colcon.colcon_core.shell:Creating environment hook '/home/alfonso/coppelia_vision_control_ws/src/install/robot_controller_pkg/share/robot_controller_pkg/hook/pythonpath.ps1'
[1.320s] INFO:colcon.colcon_core.shell:Creating environment descriptor '/home/alfonso/coppelia_vision_control_ws/src/install/robot_controller_pkg/share/robot_controller_pkg/hook/pythonpath.dsv'
[1.321s] INFO:colcon.colcon_core.shell:Creating environment hook '/home/alfonso/coppelia_vision_control_ws/src/install/robot_controller_pkg/share/robot_controller_pkg/hook/pythonpath.sh'
[1.321s] Level 1:colcon.colcon_core.environment:checking '/home/alfonso/coppelia_vision_control_ws/src/install/robot_controller_pkg/bin'
[1.321s] Level 1:colcon.colcon_core.environment:create_environment_scripts_only(robot_controller_pkg)
[1.321s] INFO:colcon.colcon_core.shell:Creating package script '/home/alfonso/coppelia_vision_control_ws/src/install/robot_controller_pkg/share/robot_controller_pkg/package.ps1'
[1.322s] INFO:colcon.colcon_core.shell:Creating package descriptor '/home/alfonso/coppelia_vision_control_ws/src/install/robot_controller_pkg/share/robot_controller_pkg/package.dsv'
[1.322s] INFO:colcon.colcon_core.shell:Creating package script '/home/alfonso/coppelia_vision_control_ws/src/install/robot_controller_pkg/share/robot_controller_pkg/package.sh'
[1.323s] INFO:colcon.colcon_core.shell:Creating package script '/home/alfonso/coppelia_vision_control_ws/src/install/robot_controller_pkg/share/robot_controller_pkg/package.bash'
[1.323s] INFO:colcon.colcon_core.shell:Creating package script '/home/alfonso/coppelia_vision_control_ws/src/install/robot_controller_pkg/share/robot_controller_pkg/package.zsh'
[1.324s] Level 1:colcon.colcon_core.environment:create_file_with_runtime_dependencies(/home/alfonso/coppelia_vision_control_ws/src/install/robot_controller_pkg/share/colcon-core/packages/robot_controller_pkg)
[1.326s] Level 1:colcon.colcon_core.environment:checking '/home/alfonso/coppelia_vision_control_ws/src/install/camera_streamer_pkg' for CMake module files
[1.326s] DEBUG:colcon.colcon_core.event_handler.log_command:Invoked command in '/home/alfonso/coppelia_vision_control_ws/src/camera_streamer_pkg' returned '0': PYTHONPATH=/home/alfonso/coppelia_vision_control_ws/src/build/camera_streamer_pkg/prefix_override:/usr/lib/python3/dist-packages/colcon_core/task/python/colcon_distutils_commands:/home/alfonso/coppelia_vision_control_ws/src/install/camera_streamer_pkg/lib/python3.10/site-packages:${PYTHONPATH} /usr/bin/python3 -W ignore:setup.py install is deprecated -W ignore:easy_install command is deprecated setup.py egg_info --egg-base ../build/camera_streamer_pkg build --build-base /home/alfonso/coppelia_vision_control_ws/src/build/camera_streamer_pkg/build install --record /home/alfonso/coppelia_vision_control_ws/src/build/camera_streamer_pkg/install.log --single-version-externally-managed install_data
[1.326s] Level 1:colcon.colcon_core.environment:checking '/home/alfonso/coppelia_vision_control_ws/src/install/camera_streamer_pkg' for CMake config files
[1.327s] Level 1:colcon.colcon_core.environment:checking '/home/alfonso/coppelia_vision_control_ws/src/install/camera_streamer_pkg/lib'
[1.327s] Level 1:colcon.colcon_core.environment:checking '/home/alfonso/coppelia_vision_control_ws/src/install/camera_streamer_pkg/bin'
[1.327s] Level 1:colcon.colcon_core.environment:checking '/home/alfonso/coppelia_vision_control_ws/src/install/camera_streamer_pkg/lib/pkgconfig/camera_streamer_pkg.pc'
[1.327s] Level 1:colcon.colcon_core.environment:checking '/home/alfonso/coppelia_vision_control_ws/src/install/camera_streamer_pkg/lib/python3.10/site-packages'
[1.327s] Level 1:colcon.colcon_core.shell:create_environment_hook('camera_streamer_pkg', 'pythonpath')
[1.327s] INFO:colcon.colcon_core.shell:Creating environment hook '/home/alfonso/coppelia_vision_control_ws/src/install/camera_streamer_pkg/share/camera_streamer_pkg/hook/pythonpath.ps1'
[1.328s] INFO:colcon.colcon_core.shell:Creating environment descriptor '/home/alfonso/coppelia_vision_control_ws/src/install/camera_streamer_pkg/share/camera_streamer_pkg/hook/pythonpath.dsv'
[1.328s] INFO:colcon.colcon_core.shell:Creating environment hook '/home/alfonso/coppelia_vision_control_ws/src/install/camera_streamer_pkg/share/camera_streamer_pkg/hook/pythonpath.sh'
[1.328s] Level 1:colcon.colcon_core.environment:checking '/home/alfonso/coppelia_vision_control_ws/src/install/camera_streamer_pkg/bin'
[1.328s] Level 1:colcon.colcon_core.environment:create_environment_scripts_only(camera_streamer_pkg)
[1.328s] INFO:colcon.colcon_core.shell:Creating package script '/home/alfonso/coppelia_vision_control_ws/src/install/camera_streamer_pkg/share/camera_streamer_pkg/package.ps1'
[1.329s] INFO:colcon.colcon_core.shell:Creating package descriptor '/home/alfonso/coppelia_vision_control_ws/src/install/camera_streamer_pkg/share/camera_streamer_pkg/package.dsv'
[1.329s] INFO:colcon.colcon_core.shell:Creating package script '/home/alfonso/coppelia_vision_control_ws/src/install/camera_streamer_pkg/share/camera_streamer_pkg/package.sh'
[1.330s] INFO:colcon.colcon_core.shell:Creating package script '/home/alfonso/coppelia_vision_control_ws/src/install/camera_streamer_pkg/share/camera_streamer_pkg/package.bash'
[1.330s] INFO:colcon.colcon_core.shell:Creating package script '/home/alfonso/coppelia_vision_control_ws/src/install/camera_streamer_pkg/share/camera_streamer_pkg/package.zsh'
[1.331s] Level 1:colcon.colcon_core.environment:create_file_with_runtime_dependencies(/home/alfonso/coppelia_vision_control_ws/src/install/camera_streamer_pkg/share/colcon-core/packages/camera_streamer_pkg)
[1.331s] Level 1:colcon.colcon_core.environment:checking '/home/alfonso/coppelia_vision_control_ws/src/install/coppelia_bridge_pkg' for CMake module files
[1.332s] Level 1:colcon.colcon_core.environment:checking '/home/alfonso/coppelia_vision_control_ws/src/install/coppelia_bridge_pkg' for CMake config files
[1.332s] DEBUG:colcon.colcon_core.event_handler.log_command:Invoked command in '/home/alfonso/coppelia_vision_control_ws/src/coppelia_bridge_pkg' returned '0': PYTHONPATH=/home/alfonso/coppelia_vision_control_ws/src/build/coppelia_bridge_pkg/prefix_override:/usr/lib/python3/dist-packages/colcon_core/task/python/colcon_distutils_commands:/home/alfonso/coppelia_vision_control_ws/src/install/coppelia_bridge_pkg/lib/python3.10/site-packages:${PYTHONPATH} /usr/bin/python3 -W ignore:setup.py install is deprecated -W ignore:easy_install command is deprecated setup.py egg_info --egg-base ../build/coppelia_bridge_pkg build --build-base /home/alfonso/coppelia_vision_control_ws/src/build/coppelia_bridge_pkg/build install --record /home/alfonso/coppelia_vision_control_ws/src/build/coppelia_bridge_pkg/install.log --single-version-externally-managed install_data
[1.333s] Level 1:colcon.colcon_core.environment:checking '/home/alfonso/coppelia_vision_control_ws/src/install/coppelia_bridge_pkg/lib'
[1.333s] Level 1:colcon.colcon_core.environment:checking '/home/alfonso/coppelia_vision_control_ws/src/install/coppelia_bridge_pkg/bin'
[1.333s] Level 1:colcon.colcon_core.environment:checking '/home/alfonso/coppelia_vision_control_ws/src/install/coppelia_bridge_pkg/lib/pkgconfig/coppelia_bridge_pkg.pc'
[1.333s] Level 1:colcon.colcon_core.environment:checking '/home/alfonso/coppelia_vision_control_ws/src/install/coppelia_bridge_pkg/lib/python3.10/site-packages'
[1.333s] Level 1:colcon.colcon_core.shell:create_environment_hook('coppelia_bridge_pkg', 'pythonpath')
[1.334s] INFO:colcon.colcon_core.shell:Creating environment hook '/home/alfonso/coppelia_vision_control_ws/src/install/coppelia_bridge_pkg/share/coppelia_bridge_pkg/hook/pythonpath.ps1'
[1.334s] INFO:colcon.colcon_core.shell:Creating environment descriptor '/home/alfonso/coppelia_vision_control_ws/src/install/coppelia_bridge_pkg/share/coppelia_bridge_pkg/hook/pythonpath.dsv'
[1.334s] INFO:colcon.colcon_core.shell:Creating environment hook '/home/alfonso/coppelia_vision_control_ws/src/install/coppelia_bridge_pkg/share/coppelia_bridge_pkg/hook/pythonpath.sh'
[1.335s] Level 1:colcon.colcon_core.environment:checking '/home/alfonso/coppelia_vision_control_ws/src/install/coppelia_bridge_pkg/bin'
[1.335s] Level 1:colcon.colcon_core.environment:create_environment_scripts_only(coppelia_bridge_pkg)
[1.335s] INFO:colcon.colcon_core.shell:Creating package script '/home/alfonso/coppelia_vision_control_ws/src/install/coppelia_bridge_pkg/share/coppelia_bridge_pkg/package.ps1'
[1.335s] INFO:colcon.colcon_core.shell:Creating package descriptor '/home/alfonso/coppelia_vision_control_ws/src/install/coppelia_bridge_pkg/share/coppelia_bridge_pkg/package.dsv'
[1.336s] INFO:colcon.colcon_core.shell:Creating package script '/home/alfonso/coppelia_vision_control_ws/src/install/coppelia_bridge_pkg/share/coppelia_bridge_pkg/package.sh'
[1.336s] INFO:colcon.colcon_core.shell:Creating package script '/home/alfonso/coppelia_vision_control_ws/src/install/coppelia_bridge_pkg/share/coppelia_bridge_pkg/package.bash'
[1.336s] INFO:colcon.colcon_core.shell:Creating package script '/home/alfonso/coppelia_vision_control_ws/src/install/coppelia_bridge_pkg/share/coppelia_bridge_pkg/package.zsh'
[1.336s] Level 1:colcon.colcon_core.environment:create_file_with_runtime_dependencies(/home/alfonso/coppelia_vision_control_ws/src/install/coppelia_bridge_pkg/share/colcon-core/packages/coppelia_bridge_pkg)
[1.337s] DEBUG:colcon.colcon_parallel_executor.executor.parallel:closing loop
[1.337s] DEBUG:colcon.colcon_parallel_executor.executor.parallel:loop closed
[1.337s] DEBUG:colcon.colcon_parallel_executor.executor.parallel:run_until_complete finished with '0'
[1.337s] DEBUG:colcon.colcon_core.event_reactor:joining thread
[1.343s] INFO:colcon.colcon_core.plugin_system:Skipping extension 'colcon_notification.desktop_notification.terminal_notifier': Not used on non-Darwin systems
[1.343s] INFO:colcon.colcon_core.plugin_system:Skipping extension 'colcon_notification.desktop_notification.win32': Not used on non-Windows systems
[1.343s] INFO:colcon.colcon_notification.desktop_notification:Sending desktop notification using 'notify2'
[1.352s] DEBUG:colcon.colcon_core.event_reactor:joined thread
[1.352s] INFO:colcon.colcon_core.shell:Creating prefix script '/home/alfonso/coppelia_vision_control_ws/src/install/local_setup.ps1'
[1.353s] INFO:colcon.colcon_core.shell:Creating prefix util module '/home/alfonso/coppelia_vision_control_ws/src/install/_local_setup_util_ps1.py'
[1.354s] INFO:colcon.colcon_core.shell:Creating prefix chain script '/home/alfonso/coppelia_vision_control_ws/src/install/setup.ps1'
[1.355s] INFO:colcon.colcon_core.shell:Creating prefix script '/home/alfonso/coppelia_vision_control_ws/src/install/local_setup.sh'
[1.355s] INFO:colcon.colcon_core.shell:Creating prefix util module '/home/alfonso/coppelia_vision_control_ws/src/install/_local_setup_util_sh.py'
[1.356s] INFO:colcon.colcon_core.shell:Creating prefix chain script '/home/alfonso/coppelia_vision_control_ws/src/install/setup.sh'
[1.357s] INFO:colcon.colcon_core.shell:Creating prefix script '/home/alfonso/coppelia_vision_control_ws/src/install/local_setup.bash'
[1.357s] INFO:colcon.colcon_core.shell:Creating prefix chain script '/home/alfonso/coppelia_vision_control_ws/src/install/setup.bash'
[1.358s] INFO:colcon.colcon_core.shell:Creating prefix script '/home/alfonso/coppelia_vision_control_ws/src/install/local_setup.zsh'
[1.358s] INFO:colcon.colcon_core.shell:Creating prefix chain script '/home/alfonso/coppelia_vision_control_ws/src/install/setup.zsh'
