[1.066s] Invoking command in '/home/alfonso/coppelia_vision_control_ws/src/camera_streamer_pkg': PYTHONPATH=/home/alfonso/coppelia_vision_control_ws/build/camera_streamer_pkg/prefix_override:/usr/lib/python3/dist-packages/colcon_core/task/python/colcon_distutils_commands:/home/alfonso/coppelia_vision_control_ws/install/camera_streamer_pkg/lib/python3.10/site-packages:${PYTHONPATH} /usr/bin/python3 -W ignore:setup.py install is deprecated -W ignore:easy_install command is deprecated setup.py egg_info --egg-base ../../build/camera_streamer_pkg build --build-base /home/alfonso/coppelia_vision_control_ws/build/camera_streamer_pkg/build install --record /home/alfonso/coppelia_vision_control_ws/build/camera_streamer_pkg/install.log --single-version-externally-managed install_data
[1.315s] running egg_info
[1.316s] writing ../../build/camera_streamer_pkg/camera_streamer_pkg.egg-info/PKG-INFO
[1.316s] writing dependency_links to ../../build/camera_streamer_pkg/camera_streamer_pkg.egg-info/dependency_links.txt
[1.316s] writing entry points to ../../build/camera_streamer_pkg/camera_streamer_pkg.egg-info/entry_points.txt
[1.316s] writing requirements to ../../build/camera_streamer_pkg/camera_streamer_pkg.egg-info/requires.txt
[1.316s] writing top-level names to ../../build/camera_streamer_pkg/camera_streamer_pkg.egg-info/top_level.txt
[1.318s] reading manifest file '../../build/camera_streamer_pkg/camera_streamer_pkg.egg-info/SOURCES.txt'
[1.319s] writing manifest file '../../build/camera_streamer_pkg/camera_streamer_pkg.egg-info/SOURCES.txt'
[1.319s] running build
[1.320s] running build_py
[1.320s] running install
[1.320s] running install_lib
[1.321s] running install_data
[1.321s] running install_egg_info
[1.324s] removing '/home/alfonso/coppelia_vision_control_ws/install/camera_streamer_pkg/lib/python3.10/site-packages/camera_streamer_pkg-0.0.0-py3.10.egg-info' (and everything under it)
[1.324s] Copying ../../build/camera_streamer_pkg/camera_streamer_pkg.egg-info to /home/alfonso/coppelia_vision_control_ws/install/camera_streamer_pkg/lib/python3.10/site-packages/camera_streamer_pkg-0.0.0-py3.10.egg-info
[1.326s] running install_scripts
[1.348s] Installing node_camera_publisher script to /home/alfonso/coppelia_vision_control_ws/install/camera_streamer_pkg/lib/camera_streamer_pkg
[1.349s] writing list of installed files to '/home/alfonso/coppelia_vision_control_ws/build/camera_streamer_pkg/install.log'
[1.382s] Invoked command in '/home/alfonso/coppelia_vision_control_ws/src/camera_streamer_pkg' returned '0': PYTHONPATH=/home/alfonso/coppelia_vision_control_ws/build/camera_streamer_pkg/prefix_override:/usr/lib/python3/dist-packages/colcon_core/task/python/colcon_distutils_commands:/home/alfonso/coppelia_vision_control_ws/install/camera_streamer_pkg/lib/python3.10/site-packages:${PYTHONPATH} /usr/bin/python3 -W ignore:setup.py install is deprecated -W ignore:easy_install command is deprecated setup.py egg_info --egg-base ../../build/camera_streamer_pkg build --build-base /home/alfonso/coppelia_vision_control_ws/build/camera_streamer_pkg/build install --record /home/alfonso/coppelia_vision_control_ws/build/camera_streamer_pkg/install.log --single-version-externally-managed install_data
