[1.719s] Invoking command in '/home/alfonso/coppelia_vision_control_ws/src/robot_controller_pkg': PYTHONPATH=/home/alfonso/coppelia_vision_control_ws/build/robot_controller_pkg/prefix_override:/usr/lib/python3/dist-packages/colcon_core/task/python/colcon_distutils_commands:/home/alfonso/coppelia_vision_control_ws/install/robot_controller_pkg/lib/python3.10/site-packages:${PYTHONPATH} /usr/bin/python3 -W ignore:setup.py install is deprecated -W ignore:easy_install command is deprecated setup.py egg_info --egg-base ../../build/robot_controller_pkg build --build-base /home/alfonso/coppelia_vision_control_ws/build/robot_controller_pkg/build install --record /home/alfonso/coppelia_vision_control_ws/build/robot_controller_pkg/install.log --single-version-externally-managed install_data
[2.072s] running egg_info
[2.074s] writing ../../build/robot_controller_pkg/robot_controller_pkg.egg-info/PKG-INFO
[2.074s] writing dependency_links to ../../build/robot_controller_pkg/robot_controller_pkg.egg-info/dependency_links.txt
[2.074s] writing entry points to ../../build/robot_controller_pkg/robot_controller_pkg.egg-info/entry_points.txt
[2.074s] writing requirements to ../../build/robot_controller_pkg/robot_controller_pkg.egg-info/requires.txt
[2.074s] writing top-level names to ../../build/robot_controller_pkg/robot_controller_pkg.egg-info/top_level.txt
[2.077s] reading manifest file '../../build/robot_controller_pkg/robot_controller_pkg.egg-info/SOURCES.txt'
[2.078s] writing manifest file '../../build/robot_controller_pkg/robot_controller_pkg.egg-info/SOURCES.txt'
[2.078s] running build
[2.079s] running build_py
[2.079s] running install
[2.079s] running install_lib
[2.082s] running install_data
[2.082s] running install_egg_info
[2.085s] removing '/home/alfonso/coppelia_vision_control_ws/install/robot_controller_pkg/lib/python3.10/site-packages/robot_controller_pkg-0.0.0-py3.10.egg-info' (and everything under it)
[2.086s] Copying ../../build/robot_controller_pkg/robot_controller_pkg.egg-info to /home/alfonso/coppelia_vision_control_ws/install/robot_controller_pkg/lib/python3.10/site-packages/robot_controller_pkg-0.0.0-py3.10.egg-info
[2.086s] running install_scripts
[2.119s] Installing circle_controller script to /home/alfonso/coppelia_vision_control_ws/install/robot_controller_pkg/lib/robot_controller_pkg
[2.119s] Installing node_circle_controller script to /home/alfonso/coppelia_vision_control_ws/install/robot_controller_pkg/lib/robot_controller_pkg
[2.119s] Installing node_robot_controller script to /home/alfonso/coppelia_vision_control_ws/install/robot_controller_pkg/lib/robot_controller_pkg
[2.119s] Installing node_trajectory_controller script to /home/alfonso/coppelia_vision_control_ws/install/robot_controller_pkg/lib/robot_controller_pkg
[2.120s] writing list of installed files to '/home/alfonso/coppelia_vision_control_ws/build/robot_controller_pkg/install.log'
[2.158s] Invoked command in '/home/alfonso/coppelia_vision_control_ws/src/robot_controller_pkg' returned '0': PYTHONPATH=/home/alfonso/coppelia_vision_control_ws/build/robot_controller_pkg/prefix_override:/usr/lib/python3/dist-packages/colcon_core/task/python/colcon_distutils_commands:/home/alfonso/coppelia_vision_control_ws/install/robot_controller_pkg/lib/python3.10/site-packages:${PYTHONPATH} /usr/bin/python3 -W ignore:setup.py install is deprecated -W ignore:easy_install command is deprecated setup.py egg_info --egg-base ../../build/robot_controller_pkg build --build-base /home/alfonso/coppelia_vision_control_ws/build/robot_controller_pkg/build install --record /home/alfonso/coppelia_vision_control_ws/build/robot_controller_pkg/install.log --single-version-externally-managed install_data
