[1.063s] Invoking command in '/home/alfonso/coppelia_vision_control_ws/src/robot_controller_pkg': PYTHONPATH=/home/alfonso/coppelia_vision_control_ws/build/robot_controller_pkg/prefix_override:/usr/lib/python3/dist-packages/colcon_core/task/python/colcon_distutils_commands:/home/alfonso/coppelia_vision_control_ws/install/robot_controller_pkg/lib/python3.10/site-packages:${PYTHONPATH} /usr/bin/python3 -W ignore:setup.py install is deprecated -W ignore:easy_install command is deprecated setup.py egg_info --egg-base ../../build/robot_controller_pkg build --build-base /home/alfonso/coppelia_vision_control_ws/build/robot_controller_pkg/build install --record /home/alfonso/coppelia_vision_control_ws/build/robot_controller_pkg/install.log --single-version-externally-managed install_data
[1.334s] running egg_info
[1.334s] writing ../../build/robot_controller_pkg/robot_controller_pkg.egg-info/PKG-INFO
[1.334s] writing dependency_links to ../../build/robot_controller_pkg/robot_controller_pkg.egg-info/dependency_links.txt
[1.335s] writing entry points to ../../build/robot_controller_pkg/robot_controller_pkg.egg-info/entry_points.txt
[1.335s] writing requirements to ../../build/robot_controller_pkg/robot_controller_pkg.egg-info/requires.txt
[1.335s] writing top-level names to ../../build/robot_controller_pkg/robot_controller_pkg.egg-info/top_level.txt
[1.336s] reading manifest file '../../build/robot_controller_pkg/robot_controller_pkg.egg-info/SOURCES.txt'
[1.337s] writing manifest file '../../build/robot_controller_pkg/robot_controller_pkg.egg-info/SOURCES.txt'
[1.338s] running build
[1.338s] running build_py
[1.338s] running install
[1.338s] running install_lib
[1.339s] running install_data
[1.340s] running install_egg_info
[1.342s] removing '/home/alfonso/coppelia_vision_control_ws/install/robot_controller_pkg/lib/python3.10/site-packages/robot_controller_pkg-0.0.0-py3.10.egg-info' (and everything under it)
[1.342s] Copying ../../build/robot_controller_pkg/robot_controller_pkg.egg-info to /home/alfonso/coppelia_vision_control_ws/install/robot_controller_pkg/lib/python3.10/site-packages/robot_controller_pkg-0.0.0-py3.10.egg-info
[1.343s] running install_scripts
[1.362s] Installing circle_controller script to /home/alfonso/coppelia_vision_control_ws/install/robot_controller_pkg/lib/robot_controller_pkg
[1.363s] Installing node_circle_controller script to /home/alfonso/coppelia_vision_control_ws/install/robot_controller_pkg/lib/robot_controller_pkg
[1.363s] Installing node_robot_controller script to /home/alfonso/coppelia_vision_control_ws/install/robot_controller_pkg/lib/robot_controller_pkg
[1.363s] Installing node_trajectory_controller script to /home/alfonso/coppelia_vision_control_ws/install/robot_controller_pkg/lib/robot_controller_pkg
[1.363s] writing list of installed files to '/home/alfonso/coppelia_vision_control_ws/build/robot_controller_pkg/install.log'
[1.390s] Invoked command in '/home/alfonso/coppelia_vision_control_ws/src/robot_controller_pkg' returned '0': PYTHONPATH=/home/alfonso/coppelia_vision_control_ws/build/robot_controller_pkg/prefix_override:/usr/lib/python3/dist-packages/colcon_core/task/python/colcon_distutils_commands:/home/alfonso/coppelia_vision_control_ws/install/robot_controller_pkg/lib/python3.10/site-packages:${PYTHONPATH} /usr/bin/python3 -W ignore:setup.py install is deprecated -W ignore:easy_install command is deprecated setup.py egg_info --egg-base ../../build/robot_controller_pkg build --build-base /home/alfonso/coppelia_vision_control_ws/build/robot_controller_pkg/build install --record /home/alfonso/coppelia_vision_control_ws/build/robot_controller_pkg/install.log --single-version-externally-managed install_data
