[0.904s] Invoking command in '/home/alfonso/coppelia_vision_control_ws/src/coppelia_bridge_pkg': PYTHONPATH=/home/alfonso/coppelia_vision_control_ws/src/build/coppelia_bridge_pkg/prefix_override:/usr/lib/python3/dist-packages/colcon_core/task/python/colcon_distutils_commands:/home/alfonso/coppelia_vision_control_ws/src/install/coppelia_bridge_pkg/lib/python3.10/site-packages:${PYTHONPATH} /usr/bin/python3 -W ignore:setup.py install is deprecated -W ignore:easy_install command is deprecated setup.py egg_info --egg-base ../build/coppelia_bridge_pkg build --build-base /home/alfonso/coppelia_vision_control_ws/src/build/coppelia_bridge_pkg/build install --record /home/alfonso/coppelia_vision_control_ws/src/build/coppelia_bridge_pkg/install.log --single-version-externally-managed install_data
[1.107s] running egg_info
[1.108s] writing ../build/coppelia_bridge_pkg/coppelia_bridge_pkg.egg-info/PKG-INFO
[1.108s] writing dependency_links to ../build/coppelia_bridge_pkg/coppelia_bridge_pkg.egg-info/dependency_links.txt
[1.108s] writing entry points to ../build/coppelia_bridge_pkg/coppelia_bridge_pkg.egg-info/entry_points.txt
[1.108s] writing requirements to ../build/coppelia_bridge_pkg/coppelia_bridge_pkg.egg-info/requires.txt
[1.109s] writing top-level names to ../build/coppelia_bridge_pkg/coppelia_bridge_pkg.egg-info/top_level.txt
[1.111s] reading manifest file '../build/coppelia_bridge_pkg/coppelia_bridge_pkg.egg-info/SOURCES.txt'
[1.112s] writing manifest file '../build/coppelia_bridge_pkg/coppelia_bridge_pkg.egg-info/SOURCES.txt'
[1.112s] running build
[1.112s] running build_py
[1.112s] running install
[1.113s] running install_lib
[1.114s] running install_data
[1.114s] running install_egg_info
[1.116s] removing '/home/alfonso/coppelia_vision_control_ws/src/install/coppelia_bridge_pkg/lib/python3.10/site-packages/coppelia_bridge_pkg-0.0.0-py3.10.egg-info' (and everything under it)
[1.117s] Copying ../build/coppelia_bridge_pkg/coppelia_bridge_pkg.egg-info to /home/alfonso/coppelia_vision_control_ws/src/install/coppelia_bridge_pkg/lib/python3.10/site-packages/coppelia_bridge_pkg-0.0.0-py3.10.egg-info
[1.117s] running install_scripts
[1.136s] Installing image_streamer script to /home/alfonso/coppelia_vision_control_ws/src/install/coppelia_bridge_pkg/lib/coppelia_bridge_pkg
[1.136s] writing list of installed files to '/home/alfonso/coppelia_vision_control_ws/src/build/coppelia_bridge_pkg/install.log'
[1.170s] Invoked command in '/home/alfonso/coppelia_vision_control_ws/src/coppelia_bridge_pkg' returned '0': PYTHONPATH=/home/alfonso/coppelia_vision_control_ws/src/build/coppelia_bridge_pkg/prefix_override:/usr/lib/python3/dist-packages/colcon_core/task/python/colcon_distutils_commands:/home/alfonso/coppelia_vision_control_ws/src/install/coppelia_bridge_pkg/lib/python3.10/site-packages:${PYTHONPATH} /usr/bin/python3 -W ignore:setup.py install is deprecated -W ignore:easy_install command is deprecated setup.py egg_info --egg-base ../build/coppelia_bridge_pkg build --build-base /home/alfonso/coppelia_vision_control_ws/src/build/coppelia_bridge_pkg/build install --record /home/alfonso/coppelia_vision_control_ws/src/build/coppelia_bridge_pkg/install.log --single-version-externally-managed install_data
