[0.827s] Invoking command in '/home/alfonso/coppelia_vision_control_ws/src/coppelia_bridge_pkg': PYTHONPATH=/home/alfonso/coppelia_vision_control_ws/build/coppelia_bridge_pkg/prefix_override:/usr/lib/python3/dist-packages/colcon_core/task/python/colcon_distutils_commands:/home/alfonso/coppelia_vision_control_ws/install/coppelia_bridge_pkg/lib/python3.10/site-packages:${PYTHONPATH} /usr/bin/python3 -W ignore:setup.py install is deprecated -W ignore:easy_install command is deprecated setup.py egg_info --egg-base ../../build/coppelia_bridge_pkg build --build-base /home/alfonso/coppelia_vision_control_ws/build/coppelia_bridge_pkg/build install --record /home/alfonso/coppelia_vision_control_ws/build/coppelia_bridge_pkg/install.log --single-version-externally-managed install_data
[0.995s] running egg_info
[0.996s] writing ../../build/coppelia_bridge_pkg/coppelia_bridge_pkg.egg-info/PKG-INFO
[0.996s] writing dependency_links to ../../build/coppelia_bridge_pkg/coppelia_bridge_pkg.egg-info/dependency_links.txt
[0.996s] writing entry points to ../../build/coppelia_bridge_pkg/coppelia_bridge_pkg.egg-info/entry_points.txt
[0.996s] writing requirements to ../../build/coppelia_bridge_pkg/coppelia_bridge_pkg.egg-info/requires.txt
[0.996s] writing top-level names to ../../build/coppelia_bridge_pkg/coppelia_bridge_pkg.egg-info/top_level.txt
[0.998s] reading manifest file '../../build/coppelia_bridge_pkg/coppelia_bridge_pkg.egg-info/SOURCES.txt'
[0.998s] writing manifest file '../../build/coppelia_bridge_pkg/coppelia_bridge_pkg.egg-info/SOURCES.txt'
[0.998s] running build
[0.998s] running build_py
[0.999s] running install
[0.999s] running install_lib
[1.000s] running install_data
[1.000s] running install_egg_info
[1.001s] removing '/home/alfonso/coppelia_vision_control_ws/install/coppelia_bridge_pkg/lib/python3.10/site-packages/coppelia_bridge_pkg-0.0.0-py3.10.egg-info' (and everything under it)
[1.002s] Copying ../../build/coppelia_bridge_pkg/coppelia_bridge_pkg.egg-info to /home/alfonso/coppelia_vision_control_ws/install/coppelia_bridge_pkg/lib/python3.10/site-packages/coppelia_bridge_pkg-0.0.0-py3.10.egg-info
[1.002s] running install_scripts
[1.017s] Installing image_streamer script to /home/alfonso/coppelia_vision_control_ws/install/coppelia_bridge_pkg/lib/coppelia_bridge_pkg
[1.017s] writing list of installed files to '/home/alfonso/coppelia_vision_control_ws/build/coppelia_bridge_pkg/install.log'
[1.039s] Invoked command in '/home/alfonso/coppelia_vision_control_ws/src/coppelia_bridge_pkg' returned '0': PYTHONPATH=/home/alfonso/coppelia_vision_control_ws/build/coppelia_bridge_pkg/prefix_override:/usr/lib/python3/dist-packages/colcon_core/task/python/colcon_distutils_commands:/home/alfonso/coppelia_vision_control_ws/install/coppelia_bridge_pkg/lib/python3.10/site-packages:${PYTHONPATH} /usr/bin/python3 -W ignore:setup.py install is deprecated -W ignore:easy_install command is deprecated setup.py egg_info --egg-base ../../build/coppelia_bridge_pkg build --build-base /home/alfonso/coppelia_vision_control_ws/build/coppelia_bridge_pkg/build install --record /home/alfonso/coppelia_vision_control_ws/build/coppelia_bridge_pkg/install.log --single-version-externally-managed install_data
