[0.836s] Invoking command in '/home/alfonso/coppelia_vision_control_ws/src/camera_streamer_pkg': PYTHONPATH=/home/alfonso/coppelia_vision_control_ws/build/camera_streamer_pkg/prefix_override:/usr/lib/python3/dist-packages/colcon_core/task/python/colcon_distutils_commands:/home/alfonso/coppelia_vision_control_ws/install/camera_streamer_pkg/lib/python3.10/site-packages:${PYTHONPATH} /usr/bin/python3 -W ignore:setup.py install is deprecated -W ignore:easy_install command is deprecated setup.py egg_info --egg-base ../../build/camera_streamer_pkg build --build-base /home/alfonso/coppelia_vision_control_ws/build/camera_streamer_pkg/build install --record /home/alfonso/coppelia_vision_control_ws/build/camera_streamer_pkg/install.log --single-version-externally-managed install_data
[1.017s] running egg_info
[1.018s] writing ../../build/camera_streamer_pkg/camera_streamer_pkg.egg-info/PKG-INFO
[1.018s] writing dependency_links to ../../build/camera_streamer_pkg/camera_streamer_pkg.egg-info/dependency_links.txt
[1.018s] writing entry points to ../../build/camera_streamer_pkg/camera_streamer_pkg.egg-info/entry_points.txt
[1.018s] writing requirements to ../../build/camera_streamer_pkg/camera_streamer_pkg.egg-info/requires.txt
[1.018s] writing top-level names to ../../build/camera_streamer_pkg/camera_streamer_pkg.egg-info/top_level.txt
[1.019s] reading manifest file '../../build/camera_streamer_pkg/camera_streamer_pkg.egg-info/SOURCES.txt'
[1.020s] writing manifest file '../../build/camera_streamer_pkg/camera_streamer_pkg.egg-info/SOURCES.txt'
[1.020s] running build
[1.020s] running build_py
[1.020s] copying camera_streamer_pkg/image_viewer.py -> /home/alfonso/coppelia_vision_control_ws/build/camera_streamer_pkg/build/lib/camera_streamer_pkg
[1.020s] running install
[1.020s] running install_lib
[1.021s] copying /home/alfonso/coppelia_vision_control_ws/build/camera_streamer_pkg/build/lib/camera_streamer_pkg/image_viewer.py -> /home/alfonso/coppelia_vision_control_ws/install/camera_streamer_pkg/lib/python3.10/site-packages/camera_streamer_pkg
[1.021s] byte-compiling /home/alfonso/coppelia_vision_control_ws/install/camera_streamer_pkg/lib/python3.10/site-packages/camera_streamer_pkg/image_viewer.py to image_viewer.cpython-310.pyc
[1.022s] running install_data
[1.022s] running install_egg_info
[1.024s] removing '/home/alfonso/coppelia_vision_control_ws/install/camera_streamer_pkg/lib/python3.10/site-packages/camera_streamer_pkg-0.0.0-py3.10.egg-info' (and everything under it)
[1.024s] Copying ../../build/camera_streamer_pkg/camera_streamer_pkg.egg-info to /home/alfonso/coppelia_vision_control_ws/install/camera_streamer_pkg/lib/python3.10/site-packages/camera_streamer_pkg-0.0.0-py3.10.egg-info
[1.025s] running install_scripts
[1.040s] Installing node_camera_publisher script to /home/alfonso/coppelia_vision_control_ws/install/camera_streamer_pkg/lib/camera_streamer_pkg
[1.040s] writing list of installed files to '/home/alfonso/coppelia_vision_control_ws/build/camera_streamer_pkg/install.log'
[1.062s] Invoked command in '/home/alfonso/coppelia_vision_control_ws/src/camera_streamer_pkg' returned '0': PYTHONPATH=/home/alfonso/coppelia_vision_control_ws/build/camera_streamer_pkg/prefix_override:/usr/lib/python3/dist-packages/colcon_core/task/python/colcon_distutils_commands:/home/alfonso/coppelia_vision_control_ws/install/camera_streamer_pkg/lib/python3.10/site-packages:${PYTHONPATH} /usr/bin/python3 -W ignore:setup.py install is deprecated -W ignore:easy_install command is deprecated setup.py egg_info --egg-base ../../build/camera_streamer_pkg build --build-base /home/alfonso/coppelia_vision_control_ws/build/camera_streamer_pkg/build install --record /home/alfonso/coppelia_vision_control_ws/build/camera_streamer_pkg/install.log --single-version-externally-managed install_data
