[0.856s] Invoking command in '/home/alfonso/coppelia_vision_control_ws/src/robot_controller_pkg': PYTHONPATH=/home/alfonso/coppelia_vision_control_ws/src/build/robot_controller_pkg/prefix_override:/usr/lib/python3/dist-packages/colcon_core/task/python/colcon_distutils_commands:/home/alfonso/coppelia_vision_control_ws/src/install/robot_controller_pkg/lib/python3.10/site-packages:${PYTHONPATH} /usr/bin/python3 -W ignore:setup.py install is deprecated -W ignore:easy_install command is deprecated setup.py egg_info --egg-base ../build/robot_controller_pkg build --build-base /home/alfonso/coppelia_vision_control_ws/src/build/robot_controller_pkg/build install --record /home/alfonso/coppelia_vision_control_ws/src/build/robot_controller_pkg/install.log --single-version-externally-managed install_data
[1.060s] running egg_info
[1.060s] writing ../build/robot_controller_pkg/robot_controller_pkg.egg-info/PKG-INFO
[1.060s] writing dependency_links to ../build/robot_controller_pkg/robot_controller_pkg.egg-info/dependency_links.txt
[1.061s] writing entry points to ../build/robot_controller_pkg/robot_controller_pkg.egg-info/entry_points.txt
[1.061s] writing requirements to ../build/robot_controller_pkg/robot_controller_pkg.egg-info/requires.txt
[1.061s] writing top-level names to ../build/robot_controller_pkg/robot_controller_pkg.egg-info/top_level.txt
[1.062s] reading manifest file '../build/robot_controller_pkg/robot_controller_pkg.egg-info/SOURCES.txt'
[1.063s] writing manifest file '../build/robot_controller_pkg/robot_controller_pkg.egg-info/SOURCES.txt'
[1.063s] running build
[1.063s] running build_py
[1.063s] copying robot_controller_pkg/node_robot_controller.py -> /home/alfonso/coppelia_vision_control_ws/src/build/robot_controller_pkg/build/lib/robot_controller_pkg
[1.063s] copying robot_controller_pkg/robot_controller.py -> /home/alfonso/coppelia_vision_control_ws/src/build/robot_controller_pkg/build/lib/robot_controller_pkg
[1.063s] running install
[1.064s] running install_lib
[1.064s] copying /home/alfonso/coppelia_vision_control_ws/src/build/robot_controller_pkg/build/lib/robot_controller_pkg/node_robot_controller.py -> /home/alfonso/coppelia_vision_control_ws/src/install/robot_controller_pkg/lib/python3.10/site-packages/robot_controller_pkg
[1.064s] copying /home/alfonso/coppelia_vision_control_ws/src/build/robot_controller_pkg/build/lib/robot_controller_pkg/robot_controller.py -> /home/alfonso/coppelia_vision_control_ws/src/install/robot_controller_pkg/lib/python3.10/site-packages/robot_controller_pkg
[1.065s] byte-compiling /home/alfonso/coppelia_vision_control_ws/src/install/robot_controller_pkg/lib/python3.10/site-packages/robot_controller_pkg/node_robot_controller.py to node_robot_controller.cpython-310.pyc
[1.065s] byte-compiling /home/alfonso/coppelia_vision_control_ws/src/install/robot_controller_pkg/lib/python3.10/site-packages/robot_controller_pkg/robot_controller.py to robot_controller.cpython-310.pyc
[1.065s] running install_data
[1.065s] running install_egg_info
[1.068s] removing '/home/alfonso/coppelia_vision_control_ws/src/install/robot_controller_pkg/lib/python3.10/site-packages/robot_controller_pkg-0.0.0-py3.10.egg-info' (and everything under it)
[1.068s] Copying ../build/robot_controller_pkg/robot_controller_pkg.egg-info to /home/alfonso/coppelia_vision_control_ws/src/install/robot_controller_pkg/lib/python3.10/site-packages/robot_controller_pkg-0.0.0-py3.10.egg-info
[1.068s] running install_scripts
[1.087s] Installing node_robot_controller script to /home/alfonso/coppelia_vision_control_ws/src/install/robot_controller_pkg/lib/robot_controller_pkg
[1.087s] writing list of installed files to '/home/alfonso/coppelia_vision_control_ws/src/build/robot_controller_pkg/install.log'
[1.119s] Invoked command in '/home/alfonso/coppelia_vision_control_ws/src/robot_controller_pkg' returned '0': PYTHONPATH=/home/alfonso/coppelia_vision_control_ws/src/build/robot_controller_pkg/prefix_override:/usr/lib/python3/dist-packages/colcon_core/task/python/colcon_distutils_commands:/home/alfonso/coppelia_vision_control_ws/src/install/robot_controller_pkg/lib/python3.10/site-packages:${PYTHONPATH} /usr/bin/python3 -W ignore:setup.py install is deprecated -W ignore:easy_install command is deprecated setup.py egg_info --egg-base ../build/robot_controller_pkg build --build-base /home/alfonso/coppelia_vision_control_ws/src/build/robot_controller_pkg/build install --record /home/alfonso/coppelia_vision_control_ws/src/build/robot_controller_pkg/install.log --single-version-externally-managed install_data
