[0.800s] Invoking command in '/home/alfonso/coppelia_vision_control_ws/src/camera_streamer_pkg': PYTHONPATH=/home/alfonso/coppelia_vision_control_ws/build/camera_streamer_pkg/prefix_override:/usr/lib/python3/dist-packages/colcon_core/task/python/colcon_distutils_commands:/home/alfonso/coppelia_vision_control_ws/install/camera_streamer_pkg/lib/python3.10/site-packages:${PYTHONPATH} /usr/bin/python3 -W ignore:setup.py install is deprecated -W ignore:easy_install command is deprecated setup.py egg_info --egg-base ../../build/camera_streamer_pkg build --build-base /home/alfonso/coppelia_vision_control_ws/build/camera_streamer_pkg/build install --record /home/alfonso/coppelia_vision_control_ws/build/camera_streamer_pkg/install.log --single-version-externally-managed install_data
[0.972s] running egg_info
[0.972s] creating ../../build/camera_streamer_pkg/camera_streamer_pkg.egg-info
[0.972s] writing ../../build/camera_streamer_pkg/camera_streamer_pkg.egg-info/PKG-INFO
[0.972s] writing dependency_links to ../../build/camera_streamer_pkg/camera_streamer_pkg.egg-info/dependency_links.txt
[0.972s] writing entry points to ../../build/camera_streamer_pkg/camera_streamer_pkg.egg-info/entry_points.txt
[0.973s] writing requirements to ../../build/camera_streamer_pkg/camera_streamer_pkg.egg-info/requires.txt
[0.973s] writing top-level names to ../../build/camera_streamer_pkg/camera_streamer_pkg.egg-info/top_level.txt
[0.973s] writing manifest file '../../build/camera_streamer_pkg/camera_streamer_pkg.egg-info/SOURCES.txt'
[0.974s] reading manifest file '../../build/camera_streamer_pkg/camera_streamer_pkg.egg-info/SOURCES.txt'
[0.974s] writing manifest file '../../build/camera_streamer_pkg/camera_streamer_pkg.egg-info/SOURCES.txt'
[0.974s] running build
[0.974s] running build_py
[0.974s] creating /home/alfonso/coppelia_vision_control_ws/build/camera_streamer_pkg/build
[0.974s] creating /home/alfonso/coppelia_vision_control_ws/build/camera_streamer_pkg/build/lib
[0.974s] creating /home/alfonso/coppelia_vision_control_ws/build/camera_streamer_pkg/build/lib/camera_streamer_pkg
[0.974s] copying camera_streamer_pkg/image_viewer.py -> /home/alfonso/coppelia_vision_control_ws/build/camera_streamer_pkg/build/lib/camera_streamer_pkg
[0.974s] copying camera_streamer_pkg/__init__.py -> /home/alfonso/coppelia_vision_control_ws/build/camera_streamer_pkg/build/lib/camera_streamer_pkg
[0.974s] copying camera_streamer_pkg/node_camera_publisher.py -> /home/alfonso/coppelia_vision_control_ws/build/camera_streamer_pkg/build/lib/camera_streamer_pkg
[0.975s] running install
[0.975s] running install_lib
[0.976s] creating /home/alfonso/coppelia_vision_control_ws/install/camera_streamer_pkg/lib/python3.10/site-packages/camera_streamer_pkg
[0.976s] copying /home/alfonso/coppelia_vision_control_ws/build/camera_streamer_pkg/build/lib/camera_streamer_pkg/image_viewer.py -> /home/alfonso/coppelia_vision_control_ws/install/camera_streamer_pkg/lib/python3.10/site-packages/camera_streamer_pkg
[0.976s] copying /home/alfonso/coppelia_vision_control_ws/build/camera_streamer_pkg/build/lib/camera_streamer_pkg/__init__.py -> /home/alfonso/coppelia_vision_control_ws/install/camera_streamer_pkg/lib/python3.10/site-packages/camera_streamer_pkg
[0.976s] copying /home/alfonso/coppelia_vision_control_ws/build/camera_streamer_pkg/build/lib/camera_streamer_pkg/node_camera_publisher.py -> /home/alfonso/coppelia_vision_control_ws/install/camera_streamer_pkg/lib/python3.10/site-packages/camera_streamer_pkg
[0.976s] byte-compiling /home/alfonso/coppelia_vision_control_ws/install/camera_streamer_pkg/lib/python3.10/site-packages/camera_streamer_pkg/image_viewer.py to image_viewer.cpython-310.pyc
[0.977s] byte-compiling /home/alfonso/coppelia_vision_control_ws/install/camera_streamer_pkg/lib/python3.10/site-packages/camera_streamer_pkg/__init__.py to __init__.cpython-310.pyc
[0.977s] byte-compiling /home/alfonso/coppelia_vision_control_ws/install/camera_streamer_pkg/lib/python3.10/site-packages/camera_streamer_pkg/node_camera_publisher.py to node_camera_publisher.cpython-310.pyc
[0.978s] running install_data
[0.978s] creating /home/alfonso/coppelia_vision_control_ws/install/camera_streamer_pkg/share/ament_index
[0.978s] creating /home/alfonso/coppelia_vision_control_ws/install/camera_streamer_pkg/share/ament_index/resource_index
[0.978s] creating /home/alfonso/coppelia_vision_control_ws/install/camera_streamer_pkg/share/ament_index/resource_index/packages
[0.978s] copying resource/camera_streamer_pkg -> /home/alfonso/coppelia_vision_control_ws/install/camera_streamer_pkg/share/ament_index/resource_index/packages
[0.978s] copying package.xml -> /home/alfonso/coppelia_vision_control_ws/install/camera_streamer_pkg/share/camera_streamer_pkg
[0.978s] creating /home/alfonso/coppelia_vision_control_ws/install/camera_streamer_pkg/share/camera_streamer_pkg/launch
[0.978s] copying launch/coppelia_vision_launch.py -> /home/alfonso/coppelia_vision_control_ws/install/camera_streamer_pkg/share/camera_streamer_pkg/launch
[0.978s] running install_egg_info
[0.980s] Copying ../../build/camera_streamer_pkg/camera_streamer_pkg.egg-info to /home/alfonso/coppelia_vision_control_ws/install/camera_streamer_pkg/lib/python3.10/site-packages/camera_streamer_pkg-0.0.0-py3.10.egg-info
[0.981s] running install_scripts
[0.994s] Installing node_camera_publisher script to /home/alfonso/coppelia_vision_control_ws/install/camera_streamer_pkg/lib/camera_streamer_pkg
[0.994s] writing list of installed files to '/home/alfonso/coppelia_vision_control_ws/build/camera_streamer_pkg/install.log'
[1.015s] Invoked command in '/home/alfonso/coppelia_vision_control_ws/src/camera_streamer_pkg' returned '0': PYTHONPATH=/home/alfonso/coppelia_vision_control_ws/build/camera_streamer_pkg/prefix_override:/usr/lib/python3/dist-packages/colcon_core/task/python/colcon_distutils_commands:/home/alfonso/coppelia_vision_control_ws/install/camera_streamer_pkg/lib/python3.10/site-packages:${PYTHONPATH} /usr/bin/python3 -W ignore:setup.py install is deprecated -W ignore:easy_install command is deprecated setup.py egg_info --egg-base ../../build/camera_streamer_pkg build --build-base /home/alfonso/coppelia_vision_control_ws/build/camera_streamer_pkg/build install --record /home/alfonso/coppelia_vision_control_ws/build/camera_streamer_pkg/install.log --single-version-externally-managed install_data
