[0.105s] DEBUG:colcon:Command line arguments: ['/usr/bin/colcon', 'build']
[0.105s] DEBUG:colcon:Parsed command line arguments: Namespace(log_base=None, log_level=None, verb_name='build', build_base='build', install_base='install', merge_install=False, symlink_install=False, test_result_base=None, continue_on_error=False, executor='parallel', parallel_workers=12, event_handlers=None, ignore_user_meta=False, metas=['./colcon.meta'], base_paths=['.'], packages_ignore=None, packages_ignore_regex=None, paths=None, packages_up_to=None, packages_up_to_regex=None, packages_above=None, packages_above_and_dependencies=None, packages_above_depth=None, packages_select_by_dep=None, packages_skip_by_dep=None, packages_skip_up_to=None, packages_select_build_failed=False, packages_skip_build_finished=False, packages_select_test_failures=False, packages_skip_test_passed=False, packages_select=None, packages_skip=None, packages_select_regex=None, packages_skip_regex=None, packages_start=None, packages_end=None, allow_overriding=[], cmake_args=None, cmake_target=None, cmake_target_skip_unavailable=False, cmake_clean_cache=False, cmake_clean_first=False, cmake_force_configure=False, ament_cmake_args=None, catkin_cmake_args=None, catkin_skip_building_tests=False, mixin_files=None, mixin=None, verb_parser=<colcon_mixin.mixin.mixin_argument.MixinArgumentDecorator object at 0x7c4a5a31df30>, verb_extension=<colcon_core.verb.build.BuildVerb object at 0x7c4a5a31d960>, main=<bound method BuildVerb.main of <colcon_core.verb.build.BuildVerb object at 0x7c4a5a31d960>>, mixin_verb=('build',))
[0.281s] Level 1:colcon.colcon_core.package_discovery:discover_packages(colcon_meta) check parameters
[0.281s] Level 1:colcon.colcon_core.package_discovery:discover_packages(recursive) check parameters
[0.281s] Level 1:colcon.colcon_core.package_discovery:discover_packages(ignore) check parameters
[0.281s] Level 1:colcon.colcon_core.package_discovery:discover_packages(path) check parameters
[0.281s] Level 1:colcon.colcon_core.package_discovery:discover_packages(colcon_meta) discover
[0.281s] Level 1:colcon.colcon_core.package_discovery:discover_packages(recursive) discover
[0.281s] INFO:colcon.colcon_core.package_discovery:Crawling recursively for packages in '/home/alfonso/coppelia_vision_control_ws'
[0.281s] Level 1:colcon.colcon_core.package_identification:_identify(.) by extensions ['ignore', 'ignore_ament_install']
[0.281s] Level 1:colcon.colcon_core.package_identification:_identify(.) by extension 'ignore'
[0.281s] Level 1:colcon.colcon_core.package_identification:_identify(.) by extension 'ignore_ament_install'
[0.281s] Level 1:colcon.colcon_core.package_identification:_identify(.) by extensions ['colcon_pkg']
[0.281s] Level 1:colcon.colcon_core.package_identification:_identify(.) by extension 'colcon_pkg'
[0.281s] Level 1:colcon.colcon_core.package_identification:_identify(.) by extensions ['colcon_meta']
[0.282s] Level 1:colcon.colcon_core.package_identification:_identify(.) by extension 'colcon_meta'
[0.282s] Level 1:colcon.colcon_core.package_identification:_identify(.) by extensions ['ros']
[0.282s] Level 1:colcon.colcon_core.package_identification:_identify(.) by extension 'ros'
[0.292s] Level 1:colcon.colcon_core.package_identification:_identify(.) by extensions ['cmake', 'python']
[0.292s] Level 1:colcon.colcon_core.package_identification:_identify(.) by extension 'cmake'
[0.292s] Level 1:colcon.colcon_core.package_identification:_identify(.) by extension 'python'
[0.292s] Level 1:colcon.colcon_core.package_identification:_identify(.) by extensions ['python_setup_py']
[0.292s] Level 1:colcon.colcon_core.package_identification:_identify(.) by extension 'python_setup_py'
[0.292s] Level 1:colcon.colcon_core.package_identification:_identify(build) by extensions ['ignore', 'ignore_ament_install']
[0.292s] Level 1:colcon.colcon_core.package_identification:_identify(build) by extension 'ignore'
[0.292s] Level 1:colcon.colcon_core.package_identification:_identify(build) ignored
[0.292s] Level 1:colcon.colcon_core.package_identification:_identify(install) by extensions ['ignore', 'ignore_ament_install']
[0.292s] Level 1:colcon.colcon_core.package_identification:_identify(install) by extension 'ignore'
[0.292s] Level 1:colcon.colcon_core.package_identification:_identify(install) ignored
[0.292s] Level 1:colcon.colcon_core.package_identification:_identify(log) by extensions ['ignore', 'ignore_ament_install']
[0.292s] Level 1:colcon.colcon_core.package_identification:_identify(log) by extension 'ignore'
[0.292s] Level 1:colcon.colcon_core.package_identification:_identify(log) ignored
[0.292s] Level 1:colcon.colcon_core.package_identification:_identify(src) by extensions ['ignore', 'ignore_ament_install']
[0.293s] Level 1:colcon.colcon_core.package_identification:_identify(src) by extension 'ignore'
[0.293s] Level 1:colcon.colcon_core.package_identification:_identify(src) by extension 'ignore_ament_install'
[0.293s] Level 1:colcon.colcon_core.package_identification:_identify(src) by extensions ['colcon_pkg']
[0.293s] Level 1:colcon.colcon_core.package_identification:_identify(src) by extension 'colcon_pkg'
[0.293s] Level 1:colcon.colcon_core.package_identification:_identify(src) by extensions ['colcon_meta']
[0.293s] Level 1:colcon.colcon_core.package_identification:_identify(src) by extension 'colcon_meta'
[0.293s] Level 1:colcon.colcon_core.package_identification:_identify(src) by extensions ['ros']
[0.293s] Level 1:colcon.colcon_core.package_identification:_identify(src) by extension 'ros'
[0.293s] Level 1:colcon.colcon_core.package_identification:_identify(src) by extensions ['cmake', 'python']
[0.293s] Level 1:colcon.colcon_core.package_identification:_identify(src) by extension 'cmake'
[0.293s] Level 1:colcon.colcon_core.package_identification:_identify(src) by extension 'python'
[0.293s] Level 1:colcon.colcon_core.package_identification:_identify(src) by extensions ['python_setup_py']
[0.293s] Level 1:colcon.colcon_core.package_identification:_identify(src) by extension 'python_setup_py'
[0.293s] Level 1:colcon.colcon_core.package_identification:_identify(src/build) by extensions ['ignore', 'ignore_ament_install']
[0.293s] Level 1:colcon.colcon_core.package_identification:_identify(src/build) by extension 'ignore'
[0.293s] Level 1:colcon.colcon_core.package_identification:_identify(src/build) ignored
[0.293s] Level 1:colcon.colcon_core.package_identification:_identify(src/camera_streamer_pkg) by extensions ['ignore', 'ignore_ament_install']
[0.293s] Level 1:colcon.colcon_core.package_identification:_identify(src/camera_streamer_pkg) by extension 'ignore'
[0.293s] Level 1:colcon.colcon_core.package_identification:_identify(src/camera_streamer_pkg) by extension 'ignore_ament_install'
[0.293s] Level 1:colcon.colcon_core.package_identification:_identify(src/camera_streamer_pkg) by extensions ['colcon_pkg']
[0.293s] Level 1:colcon.colcon_core.package_identification:_identify(src/camera_streamer_pkg) by extension 'colcon_pkg'
[0.293s] Level 1:colcon.colcon_core.package_identification:_identify(src/camera_streamer_pkg) by extensions ['colcon_meta']
[0.293s] Level 1:colcon.colcon_core.package_identification:_identify(src/camera_streamer_pkg) by extension 'colcon_meta'
[0.293s] Level 1:colcon.colcon_core.package_identification:_identify(src/camera_streamer_pkg) by extensions ['ros']
[0.293s] Level 1:colcon.colcon_core.package_identification:_identify(src/camera_streamer_pkg) by extension 'ros'
[0.296s] DEBUG:colcon.colcon_core.package_identification:Package 'src/camera_streamer_pkg' with type 'ros.ament_python' and name 'camera_streamer_pkg'
[0.296s] Level 1:colcon.colcon_core.package_identification:_identify(src/coppelia_bridge_pkg) by extensions ['ignore', 'ignore_ament_install']
[0.296s] Level 1:colcon.colcon_core.package_identification:_identify(src/coppelia_bridge_pkg) by extension 'ignore'
[0.296s] Level 1:colcon.colcon_core.package_identification:_identify(src/coppelia_bridge_pkg) by extension 'ignore_ament_install'
[0.296s] Level 1:colcon.colcon_core.package_identification:_identify(src/coppelia_bridge_pkg) by extensions ['colcon_pkg']
[0.296s] Level 1:colcon.colcon_core.package_identification:_identify(src/coppelia_bridge_pkg) by extension 'colcon_pkg'
[0.296s] Level 1:colcon.colcon_core.package_identification:_identify(src/coppelia_bridge_pkg) by extensions ['colcon_meta']
[0.296s] Level 1:colcon.colcon_core.package_identification:_identify(src/coppelia_bridge_pkg) by extension 'colcon_meta'
[0.296s] Level 1:colcon.colcon_core.package_identification:_identify(src/coppelia_bridge_pkg) by extensions ['ros']
[0.296s] Level 1:colcon.colcon_core.package_identification:_identify(src/coppelia_bridge_pkg) by extension 'ros'
[0.297s] DEBUG:colcon.colcon_core.package_identification:Package 'src/coppelia_bridge_pkg' with type 'ros.ament_python' and name 'coppelia_bridge_pkg'
[0.297s] Level 1:colcon.colcon_core.package_identification:_identify(src/install) by extensions ['ignore', 'ignore_ament_install']
[0.297s] Level 1:colcon.colcon_core.package_identification:_identify(src/install) by extension 'ignore'
[0.297s] Level 1:colcon.colcon_core.package_identification:_identify(src/install) ignored
[0.297s] Level 1:colcon.colcon_core.package_identification:_identify(src/log) by extensions ['ignore', 'ignore_ament_install']
[0.297s] Level 1:colcon.colcon_core.package_identification:_identify(src/log) by extension 'ignore'
[0.297s] Level 1:colcon.colcon_core.package_identification:_identify(src/log) ignored
[0.297s] Level 1:colcon.colcon_core.package_identification:_identify(src/robot_controller_pkg) by extensions ['ignore', 'ignore_ament_install']
[0.297s] Level 1:colcon.colcon_core.package_identification:_identify(src/robot_controller_pkg) by extension 'ignore'
[0.297s] Level 1:colcon.colcon_core.package_identification:_identify(src/robot_controller_pkg) by extension 'ignore_ament_install'
[0.297s] Level 1:colcon.colcon_core.package_identification:_identify(src/robot_controller_pkg) by extensions ['colcon_pkg']
[0.297s] Level 1:colcon.colcon_core.package_identification:_identify(src/robot_controller_pkg) by extension 'colcon_pkg'
[0.297s] Level 1:colcon.colcon_core.package_identification:_identify(src/robot_controller_pkg) by extensions ['colcon_meta']
[0.297s] Level 1:colcon.colcon_core.package_identification:_identify(src/robot_controller_pkg) by extension 'colcon_meta'
[0.297s] Level 1:colcon.colcon_core.package_identification:_identify(src/robot_controller_pkg) by extensions ['ros']
[0.297s] Level 1:colcon.colcon_core.package_identification:_identify(src/robot_controller_pkg) by extension 'ros'
[0.298s] DEBUG:colcon.colcon_core.package_identification:Package 'src/robot_controller_pkg' with type 'ros.ament_python' and name 'robot_controller_pkg'
[0.298s] Level 1:colcon.colcon_core.package_discovery:discover_packages(recursive) using defaults
[0.298s] Level 1:colcon.colcon_core.package_discovery:discover_packages(ignore) discover
[0.298s] Level 1:colcon.colcon_core.package_discovery:discover_packages(ignore) using defaults
[0.298s] Level 1:colcon.colcon_core.package_discovery:discover_packages(path) discover
[0.298s] Level 1:colcon.colcon_core.package_discovery:discover_packages(path) using defaults
[0.317s] Level 1:colcon.colcon_core.package_discovery:discover_packages(prefix_path) check parameters
[0.317s] Level 1:colcon.colcon_core.package_discovery:discover_packages(prefix_path) discover
[0.319s] DEBUG:colcon.colcon_installed_package_information.package_discovery:Found 3 installed packages in /home/alfonso/coppelia_vision_control_ws/install
[0.320s] DEBUG:colcon.colcon_installed_package_information.package_discovery:Found 345 installed packages in /opt/ros/humble
[0.321s] Level 1:colcon.colcon_core.package_discovery:discover_packages(prefix_path) using defaults
[0.352s] Level 5:colcon.colcon_core.verb:set package 'camera_streamer_pkg' build argument 'cmake_args' from command line to 'None'
[0.352s] Level 5:colcon.colcon_core.verb:set package 'camera_streamer_pkg' build argument 'cmake_target' from command line to 'None'
[0.352s] Level 5:colcon.colcon_core.verb:set package 'camera_streamer_pkg' build argument 'cmake_target_skip_unavailable' from command line to 'False'
[0.352s] Level 5:colcon.colcon_core.verb:set package 'camera_streamer_pkg' build argument 'cmake_clean_cache' from command line to 'False'
[0.352s] Level 5:colcon.colcon_core.verb:set package 'camera_streamer_pkg' build argument 'cmake_clean_first' from command line to 'False'
[0.352s] Level 5:colcon.colcon_core.verb:set package 'camera_streamer_pkg' build argument 'cmake_force_configure' from command line to 'False'
[0.352s] Level 5:colcon.colcon_core.verb:set package 'camera_streamer_pkg' build argument 'ament_cmake_args' from command line to 'None'
[0.352s] Level 5:colcon.colcon_core.verb:set package 'camera_streamer_pkg' build argument 'catkin_cmake_args' from command line to 'None'
[0.352s] Level 5:colcon.colcon_core.verb:set package 'camera_streamer_pkg' build argument 'catkin_skip_building_tests' from command line to 'False'
[0.352s] DEBUG:colcon.colcon_core.verb:Building package 'camera_streamer_pkg' with the following arguments: {'ament_cmake_args': None, 'build_base': '/home/alfonso/coppelia_vision_control_ws/build/camera_streamer_pkg', 'catkin_cmake_args': None, 'catkin_skip_building_tests': False, 'cmake_args': None, 'cmake_clean_cache': False, 'cmake_clean_first': False, 'cmake_force_configure': False, 'cmake_target': None, 'cmake_target_skip_unavailable': False, 'install_base': '/home/alfonso/coppelia_vision_control_ws/install/camera_streamer_pkg', 'merge_install': False, 'path': '/home/alfonso/coppelia_vision_control_ws/src/camera_streamer_pkg', 'symlink_install': False, 'test_result_base': None}
[0.352s] Level 5:colcon.colcon_core.verb:set package 'coppelia_bridge_pkg' build argument 'cmake_args' from command line to 'None'
[0.352s] Level 5:colcon.colcon_core.verb:set package 'coppelia_bridge_pkg' build argument 'cmake_target' from command line to 'None'
[0.352s] Level 5:colcon.colcon_core.verb:set package 'coppelia_bridge_pkg' build argument 'cmake_target_skip_unavailable' from command line to 'False'
[0.352s] Level 5:colcon.colcon_core.verb:set package 'coppelia_bridge_pkg' build argument 'cmake_clean_cache' from command line to 'False'
[0.353s] Level 5:colcon.colcon_core.verb:set package 'coppelia_bridge_pkg' build argument 'cmake_clean_first' from command line to 'False'
[0.353s] Level 5:colcon.colcon_core.verb:set package 'coppelia_bridge_pkg' build argument 'cmake_force_configure' from command line to 'False'
[0.353s] Level 5:colcon.colcon_core.verb:set package 'coppelia_bridge_pkg' build argument 'ament_cmake_args' from command line to 'None'
[0.353s] Level 5:colcon.colcon_core.verb:set package 'coppelia_bridge_pkg' build argument 'catkin_cmake_args' from command line to 'None'
[0.353s] Level 5:colcon.colcon_core.verb:set package 'coppelia_bridge_pkg' build argument 'catkin_skip_building_tests' from command line to 'False'
[0.353s] DEBUG:colcon.colcon_core.verb:Building package 'coppelia_bridge_pkg' with the following arguments: {'ament_cmake_args': None, 'build_base': '/home/alfonso/coppelia_vision_control_ws/build/coppelia_bridge_pkg', 'catkin_cmake_args': None, 'catkin_skip_building_tests': False, 'cmake_args': None, 'cmake_clean_cache': False, 'cmake_clean_first': False, 'cmake_force_configure': False, 'cmake_target': None, 'cmake_target_skip_unavailable': False, 'install_base': '/home/alfonso/coppelia_vision_control_ws/install/coppelia_bridge_pkg', 'merge_install': False, 'path': '/home/alfonso/coppelia_vision_control_ws/src/coppelia_bridge_pkg', 'symlink_install': False, 'test_result_base': None}
[0.353s] Level 5:colcon.colcon_core.verb:set package 'robot_controller_pkg' build argument 'cmake_args' from command line to 'None'
[0.353s] Level 5:colcon.colcon_core.verb:set package 'robot_controller_pkg' build argument 'cmake_target' from command line to 'None'
[0.353s] Level 5:colcon.colcon_core.verb:set package 'robot_controller_pkg' build argument 'cmake_target_skip_unavailable' from command line to 'False'
[0.353s] Level 5:colcon.colcon_core.verb:set package 'robot_controller_pkg' build argument 'cmake_clean_cache' from command line to 'False'
[0.353s] Level 5:colcon.colcon_core.verb:set package 'robot_controller_pkg' build argument 'cmake_clean_first' from command line to 'False'
[0.353s] Level 5:colcon.colcon_core.verb:set package 'robot_controller_pkg' build argument 'cmake_force_configure' from command line to 'False'
[0.353s] Level 5:colcon.colcon_core.verb:set package 'robot_controller_pkg' build argument 'ament_cmake_args' from command line to 'None'
[0.353s] Level 5:colcon.colcon_core.verb:set package 'robot_controller_pkg' build argument 'catkin_cmake_args' from command line to 'None'
[0.353s] Level 5:colcon.colcon_core.verb:set package 'robot_controller_pkg' build argument 'catkin_skip_building_tests' from command line to 'False'
[0.353s] DEBUG:colcon.colcon_core.verb:Building package 'robot_controller_pkg' with the following arguments: {'ament_cmake_args': None, 'build_base': '/home/alfonso/coppelia_vision_control_ws/build/robot_controller_pkg', 'catkin_cmake_args': None, 'catkin_skip_building_tests': False, 'cmake_args': None, 'cmake_clean_cache': False, 'cmake_clean_first': False, 'cmake_force_configure': False, 'cmake_target': None, 'cmake_target_skip_unavailable': False, 'install_base': '/home/alfonso/coppelia_vision_control_ws/install/robot_controller_pkg', 'merge_install': False, 'path': '/home/alfonso/coppelia_vision_control_ws/src/robot_controller_pkg', 'symlink_install': False, 'test_result_base': None}
[0.353s] INFO:colcon.colcon_core.executor:Executing jobs using 'parallel' executor
[0.354s] DEBUG:colcon.colcon_parallel_executor.executor.parallel:run_until_complete
[0.354s] INFO:colcon.colcon_ros.task.ament_python.build:Building ROS package in '/home/alfonso/coppelia_vision_control_ws/src/camera_streamer_pkg' with build type 'ament_python'
[0.355s] Level 1:colcon.colcon_core.shell:create_environment_hook('camera_streamer_pkg', 'ament_prefix_path')
[0.357s] INFO:colcon.colcon_core.plugin_system:Skipping extension 'colcon_core.shell.bat': Not used on non-Windows systems
[0.357s] INFO:colcon.colcon_core.shell:Creating environment hook '/home/alfonso/coppelia_vision_control_ws/install/camera_streamer_pkg/share/camera_streamer_pkg/hook/ament_prefix_path.ps1'
[0.358s] INFO:colcon.colcon_core.shell:Creating environment descriptor '/home/alfonso/coppelia_vision_control_ws/install/camera_streamer_pkg/share/camera_streamer_pkg/hook/ament_prefix_path.dsv'
[0.358s] INFO:colcon.colcon_core.shell:Creating environment hook '/home/alfonso/coppelia_vision_control_ws/install/camera_streamer_pkg/share/camera_streamer_pkg/hook/ament_prefix_path.sh'
[0.359s] INFO:colcon.colcon_core.shell:Skip shell extension 'powershell' for command environment: Not usable outside of PowerShell
[0.359s] DEBUG:colcon.colcon_core.shell:Skip shell extension 'dsv' for command environment
[0.362s] INFO:colcon.colcon_ros.task.ament_python.build:Building ROS package in '/home/alfonso/coppelia_vision_control_ws/src/coppelia_bridge_pkg' with build type 'ament_python'
[0.362s] Level 1:colcon.colcon_core.shell:create_environment_hook('coppelia_bridge_pkg', 'ament_prefix_path')
[0.363s] INFO:colcon.colcon_core.shell:Creating environment hook '/home/alfonso/coppelia_vision_control_ws/install/coppelia_bridge_pkg/share/coppelia_bridge_pkg/hook/ament_prefix_path.ps1'
[0.363s] INFO:colcon.colcon_core.shell:Creating environment descriptor '/home/alfonso/coppelia_vision_control_ws/install/coppelia_bridge_pkg/share/coppelia_bridge_pkg/hook/ament_prefix_path.dsv'
[0.364s] INFO:colcon.colcon_core.shell:Creating environment hook '/home/alfonso/coppelia_vision_control_ws/install/coppelia_bridge_pkg/share/coppelia_bridge_pkg/hook/ament_prefix_path.sh'
[0.365s] INFO:colcon.colcon_core.shell:Skip shell extension 'powershell' for command environment: Not usable outside of PowerShell
[0.365s] DEBUG:colcon.colcon_core.shell:Skip shell extension 'dsv' for command environment
[0.367s] INFO:colcon.colcon_ros.task.ament_python.build:Building ROS package in '/home/alfonso/coppelia_vision_control_ws/src/robot_controller_pkg' with build type 'ament_python'
[0.368s] Level 1:colcon.colcon_core.shell:create_environment_hook('robot_controller_pkg', 'ament_prefix_path')
[0.368s] INFO:colcon.colcon_core.shell:Creating environment hook '/home/alfonso/coppelia_vision_control_ws/install/robot_controller_pkg/share/robot_controller_pkg/hook/ament_prefix_path.ps1'
[0.368s] INFO:colcon.colcon_core.shell:Creating environment descriptor '/home/alfonso/coppelia_vision_control_ws/install/robot_controller_pkg/share/robot_controller_pkg/hook/ament_prefix_path.dsv'
[0.369s] INFO:colcon.colcon_core.shell:Creating environment hook '/home/alfonso/coppelia_vision_control_ws/install/robot_controller_pkg/share/robot_controller_pkg/hook/ament_prefix_path.sh'
[0.370s] INFO:colcon.colcon_core.shell:Skip shell extension 'powershell' for command environment: Not usable outside of PowerShell
[0.370s] DEBUG:colcon.colcon_core.shell:Skip shell extension 'dsv' for command environment
[0.631s] INFO:colcon.colcon_core.task.python.build:Building Python package in '/home/alfonso/coppelia_vision_control_ws/src/camera_streamer_pkg'
[0.631s] INFO:colcon.colcon_core.shell:Skip shell extension 'powershell' for command environment: Not usable outside of PowerShell
[0.631s] DEBUG:colcon.colcon_core.shell:Skip shell extension 'dsv' for command environment
[0.912s] INFO:colcon.colcon_core.task.python.build:Building Python package in '/home/alfonso/coppelia_vision_control_ws/src/coppelia_bridge_pkg'
[0.913s] INFO:colcon.colcon_core.shell:Skip shell extension 'powershell' for command environment: Not usable outside of PowerShell
[0.913s] DEBUG:colcon.colcon_core.shell:Skip shell extension 'dsv' for command environment
[1.165s] INFO:colcon.colcon_core.task.python.build:Building Python package in '/home/alfonso/coppelia_vision_control_ws/src/robot_controller_pkg'
[1.165s] INFO:colcon.colcon_core.shell:Skip shell extension 'powershell' for command environment: Not usable outside of PowerShell
[1.165s] DEBUG:colcon.colcon_core.shell:Skip shell extension 'dsv' for command environment
[1.642s] DEBUG:colcon.colcon_core.event_handler.log_command:Invoking command in '/home/alfonso/coppelia_vision_control_ws/src/camera_streamer_pkg': PYTHONPATH=/home/alfonso/coppelia_vision_control_ws/build/camera_streamer_pkg/prefix_override:/usr/lib/python3/dist-packages/colcon_core/task/python/colcon_distutils_commands:/home/alfonso/coppelia_vision_control_ws/install/camera_streamer_pkg/lib/python3.10/site-packages:${PYTHONPATH} /usr/bin/python3 -W ignore:setup.py install is deprecated -W ignore:easy_install command is deprecated setup.py egg_info --egg-base ../../build/camera_streamer_pkg build --build-base /home/alfonso/coppelia_vision_control_ws/build/camera_streamer_pkg/build install --record /home/alfonso/coppelia_vision_control_ws/build/camera_streamer_pkg/install.log --single-version-externally-managed install_data
[1.646s] DEBUG:colcon.colcon_core.event_handler.log_command:Invoking command in '/home/alfonso/coppelia_vision_control_ws/src/coppelia_bridge_pkg': PYTHONPATH=/home/alfonso/coppelia_vision_control_ws/build/coppelia_bridge_pkg/prefix_override:/usr/lib/python3/dist-packages/colcon_core/task/python/colcon_distutils_commands:/home/alfonso/coppelia_vision_control_ws/install/coppelia_bridge_pkg/lib/python3.10/site-packages:${PYTHONPATH} /usr/bin/python3 -W ignore:setup.py install is deprecated -W ignore:easy_install command is deprecated setup.py egg_info --egg-base ../../build/coppelia_bridge_pkg build --build-base /home/alfonso/coppelia_vision_control_ws/build/coppelia_bridge_pkg/build install --record /home/alfonso/coppelia_vision_control_ws/build/coppelia_bridge_pkg/install.log --single-version-externally-managed install_data
[1.728s] DEBUG:colcon.colcon_core.event_handler.log_command:Invoking command in '/home/alfonso/coppelia_vision_control_ws/src/robot_controller_pkg': PYTHONPATH=/home/alfonso/coppelia_vision_control_ws/build/robot_controller_pkg/prefix_override:/usr/lib/python3/dist-packages/colcon_core/task/python/colcon_distutils_commands:/home/alfonso/coppelia_vision_control_ws/install/robot_controller_pkg/lib/python3.10/site-packages:${PYTHONPATH} /usr/bin/python3 -W ignore:setup.py install is deprecated -W ignore:easy_install command is deprecated setup.py egg_info --egg-base ../../build/robot_controller_pkg build --build-base /home/alfonso/coppelia_vision_control_ws/build/robot_controller_pkg/build install --record /home/alfonso/coppelia_vision_control_ws/build/robot_controller_pkg/install.log --single-version-externally-managed install_data
[2.001s] DEBUG:colcon.colcon_core.event_handler.log_command:Invoked command in '/home/alfonso/coppelia_vision_control_ws/src/camera_streamer_pkg' returned '0': PYTHONPATH=/home/alfonso/coppelia_vision_control_ws/build/camera_streamer_pkg/prefix_override:/usr/lib/python3/dist-packages/colcon_core/task/python/colcon_distutils_commands:/home/alfonso/coppelia_vision_control_ws/install/camera_streamer_pkg/lib/python3.10/site-packages:${PYTHONPATH} /usr/bin/python3 -W ignore:setup.py install is deprecated -W ignore:easy_install command is deprecated setup.py egg_info --egg-base ../../build/camera_streamer_pkg build --build-base /home/alfonso/coppelia_vision_control_ws/build/camera_streamer_pkg/build install --record /home/alfonso/coppelia_vision_control_ws/build/camera_streamer_pkg/install.log --single-version-externally-managed install_data
[2.004s] Level 1:colcon.colcon_core.environment:checking '/home/alfonso/coppelia_vision_control_ws/install/camera_streamer_pkg' for CMake module files
[2.005s] Level 1:colcon.colcon_core.environment:checking '/home/alfonso/coppelia_vision_control_ws/install/camera_streamer_pkg' for CMake config files
[2.005s] Level 1:colcon.colcon_core.environment:checking '/home/alfonso/coppelia_vision_control_ws/install/camera_streamer_pkg/lib'
[2.006s] Level 1:colcon.colcon_core.environment:checking '/home/alfonso/coppelia_vision_control_ws/install/camera_streamer_pkg/bin'
[2.006s] Level 1:colcon.colcon_core.environment:checking '/home/alfonso/coppelia_vision_control_ws/install/camera_streamer_pkg/lib/pkgconfig/camera_streamer_pkg.pc'
[2.006s] Level 1:colcon.colcon_core.environment:checking '/home/alfonso/coppelia_vision_control_ws/install/camera_streamer_pkg/lib/python3.10/site-packages'
[2.006s] Level 1:colcon.colcon_core.shell:create_environment_hook('camera_streamer_pkg', 'pythonpath')
[2.007s] INFO:colcon.colcon_core.shell:Creating environment hook '/home/alfonso/coppelia_vision_control_ws/install/camera_streamer_pkg/share/camera_streamer_pkg/hook/pythonpath.ps1'
[2.007s] INFO:colcon.colcon_core.shell:Creating environment descriptor '/home/alfonso/coppelia_vision_control_ws/install/camera_streamer_pkg/share/camera_streamer_pkg/hook/pythonpath.dsv'
[2.008s] INFO:colcon.colcon_core.shell:Creating environment hook '/home/alfonso/coppelia_vision_control_ws/install/camera_streamer_pkg/share/camera_streamer_pkg/hook/pythonpath.sh'
[2.009s] Level 1:colcon.colcon_core.environment:checking '/home/alfonso/coppelia_vision_control_ws/install/camera_streamer_pkg/bin'
[2.009s] Level 1:colcon.colcon_core.environment:create_environment_scripts_only(camera_streamer_pkg)
[2.009s] INFO:colcon.colcon_core.shell:Creating package script '/home/alfonso/coppelia_vision_control_ws/install/camera_streamer_pkg/share/camera_streamer_pkg/package.ps1'
[2.011s] INFO:colcon.colcon_core.shell:Creating package descriptor '/home/alfonso/coppelia_vision_control_ws/install/camera_streamer_pkg/share/camera_streamer_pkg/package.dsv'
[2.012s] INFO:colcon.colcon_core.shell:Creating package script '/home/alfonso/coppelia_vision_control_ws/install/camera_streamer_pkg/share/camera_streamer_pkg/package.sh'
[2.013s] INFO:colcon.colcon_core.shell:Creating package script '/home/alfonso/coppelia_vision_control_ws/install/camera_streamer_pkg/share/camera_streamer_pkg/package.bash'
[2.014s] INFO:colcon.colcon_core.shell:Creating package script '/home/alfonso/coppelia_vision_control_ws/install/camera_streamer_pkg/share/camera_streamer_pkg/package.zsh'
[2.015s] Level 1:colcon.colcon_core.environment:create_file_with_runtime_dependencies(/home/alfonso/coppelia_vision_control_ws/install/camera_streamer_pkg/share/colcon-core/packages/camera_streamer_pkg)
[2.084s] Level 1:colcon.colcon_core.environment:checking '/home/alfonso/coppelia_vision_control_ws/install/coppelia_bridge_pkg' for CMake module files
[2.085s] Level 1:colcon.colcon_core.environment:checking '/home/alfonso/coppelia_vision_control_ws/install/coppelia_bridge_pkg' for CMake config files
[2.087s] DEBUG:colcon.colcon_core.event_handler.log_command:Invoked command in '/home/alfonso/coppelia_vision_control_ws/src/coppelia_bridge_pkg' returned '0': PYTHONPATH=/home/alfonso/coppelia_vision_control_ws/build/coppelia_bridge_pkg/prefix_override:/usr/lib/python3/dist-packages/colcon_core/task/python/colcon_distutils_commands:/home/alfonso/coppelia_vision_control_ws/install/coppelia_bridge_pkg/lib/python3.10/site-packages:${PYTHONPATH} /usr/bin/python3 -W ignore:setup.py install is deprecated -W ignore:easy_install command is deprecated setup.py egg_info --egg-base ../../build/coppelia_bridge_pkg build --build-base /home/alfonso/coppelia_vision_control_ws/build/coppelia_bridge_pkg/build install --record /home/alfonso/coppelia_vision_control_ws/build/coppelia_bridge_pkg/install.log --single-version-externally-managed install_data
[2.087s] Level 1:colcon.colcon_core.environment:checking '/home/alfonso/coppelia_vision_control_ws/install/coppelia_bridge_pkg/lib'
[2.087s] Level 1:colcon.colcon_core.environment:checking '/home/alfonso/coppelia_vision_control_ws/install/coppelia_bridge_pkg/bin'
[2.088s] Level 1:colcon.colcon_core.environment:checking '/home/alfonso/coppelia_vision_control_ws/install/coppelia_bridge_pkg/lib/pkgconfig/coppelia_bridge_pkg.pc'
[2.088s] Level 1:colcon.colcon_core.environment:checking '/home/alfonso/coppelia_vision_control_ws/install/coppelia_bridge_pkg/lib/python3.10/site-packages'
[2.088s] Level 1:colcon.colcon_core.shell:create_environment_hook('coppelia_bridge_pkg', 'pythonpath')
[2.088s] INFO:colcon.colcon_core.shell:Creating environment hook '/home/alfonso/coppelia_vision_control_ws/install/coppelia_bridge_pkg/share/coppelia_bridge_pkg/hook/pythonpath.ps1'
[2.089s] INFO:colcon.colcon_core.shell:Creating environment descriptor '/home/alfonso/coppelia_vision_control_ws/install/coppelia_bridge_pkg/share/coppelia_bridge_pkg/hook/pythonpath.dsv'
[2.089s] INFO:colcon.colcon_core.shell:Creating environment hook '/home/alfonso/coppelia_vision_control_ws/install/coppelia_bridge_pkg/share/coppelia_bridge_pkg/hook/pythonpath.sh'
[2.090s] Level 1:colcon.colcon_core.environment:checking '/home/alfonso/coppelia_vision_control_ws/install/coppelia_bridge_pkg/bin'
[2.090s] Level 1:colcon.colcon_core.environment:create_environment_scripts_only(coppelia_bridge_pkg)
[2.091s] INFO:colcon.colcon_core.shell:Creating package script '/home/alfonso/coppelia_vision_control_ws/install/coppelia_bridge_pkg/share/coppelia_bridge_pkg/package.ps1'
[2.092s] INFO:colcon.colcon_core.shell:Creating package descriptor '/home/alfonso/coppelia_vision_control_ws/install/coppelia_bridge_pkg/share/coppelia_bridge_pkg/package.dsv'
[2.092s] INFO:colcon.colcon_core.shell:Creating package script '/home/alfonso/coppelia_vision_control_ws/install/coppelia_bridge_pkg/share/coppelia_bridge_pkg/package.sh'
[2.093s] INFO:colcon.colcon_core.shell:Creating package script '/home/alfonso/coppelia_vision_control_ws/install/coppelia_bridge_pkg/share/coppelia_bridge_pkg/package.bash'
[2.093s] INFO:colcon.colcon_core.shell:Creating package script '/home/alfonso/coppelia_vision_control_ws/install/coppelia_bridge_pkg/share/coppelia_bridge_pkg/package.zsh'
[2.094s] Level 1:colcon.colcon_core.environment:create_file_with_runtime_dependencies(/home/alfonso/coppelia_vision_control_ws/install/coppelia_bridge_pkg/share/colcon-core/packages/coppelia_bridge_pkg)
[2.135s] Level 1:colcon.colcon_core.environment:checking '/home/alfonso/coppelia_vision_control_ws/install/robot_controller_pkg' for CMake module files
[2.136s] DEBUG:colcon.colcon_core.event_handler.log_command:Invoked command in '/home/alfonso/coppelia_vision_control_ws/src/robot_controller_pkg' returned '0': PYTHONPATH=/home/alfonso/coppelia_vision_control_ws/build/robot_controller_pkg/prefix_override:/usr/lib/python3/dist-packages/colcon_core/task/python/colcon_distutils_commands:/home/alfonso/coppelia_vision_control_ws/install/robot_controller_pkg/lib/python3.10/site-packages:${PYTHONPATH} /usr/bin/python3 -W ignore:setup.py install is deprecated -W ignore:easy_install command is deprecated setup.py egg_info --egg-base ../../build/robot_controller_pkg build --build-base /home/alfonso/coppelia_vision_control_ws/build/robot_controller_pkg/build install --record /home/alfonso/coppelia_vision_control_ws/build/robot_controller_pkg/install.log --single-version-externally-managed install_data
[2.136s] Level 1:colcon.colcon_core.environment:checking '/home/alfonso/coppelia_vision_control_ws/install/robot_controller_pkg' for CMake config files
[2.137s] Level 1:colcon.colcon_core.environment:checking '/home/alfonso/coppelia_vision_control_ws/install/robot_controller_pkg/lib'
[2.137s] Level 1:colcon.colcon_core.environment:checking '/home/alfonso/coppelia_vision_control_ws/install/robot_controller_pkg/bin'
[2.137s] Level 1:colcon.colcon_core.environment:checking '/home/alfonso/coppelia_vision_control_ws/install/robot_controller_pkg/lib/pkgconfig/robot_controller_pkg.pc'
[2.137s] Level 1:colcon.colcon_core.environment:checking '/home/alfonso/coppelia_vision_control_ws/install/robot_controller_pkg/lib/python3.10/site-packages'
[2.137s] Level 1:colcon.colcon_core.shell:create_environment_hook('robot_controller_pkg', 'pythonpath')
[2.137s] INFO:colcon.colcon_core.shell:Creating environment hook '/home/alfonso/coppelia_vision_control_ws/install/robot_controller_pkg/share/robot_controller_pkg/hook/pythonpath.ps1'
[2.138s] INFO:colcon.colcon_core.shell:Creating environment descriptor '/home/alfonso/coppelia_vision_control_ws/install/robot_controller_pkg/share/robot_controller_pkg/hook/pythonpath.dsv'
[2.138s] INFO:colcon.colcon_core.shell:Creating environment hook '/home/alfonso/coppelia_vision_control_ws/install/robot_controller_pkg/share/robot_controller_pkg/hook/pythonpath.sh'
[2.139s] Level 1:colcon.colcon_core.environment:checking '/home/alfonso/coppelia_vision_control_ws/install/robot_controller_pkg/bin'
[2.139s] Level 1:colcon.colcon_core.environment:create_environment_scripts_only(robot_controller_pkg)
[2.139s] INFO:colcon.colcon_core.shell:Creating package script '/home/alfonso/coppelia_vision_control_ws/install/robot_controller_pkg/share/robot_controller_pkg/package.ps1'
[2.140s] INFO:colcon.colcon_core.shell:Creating package descriptor '/home/alfonso/coppelia_vision_control_ws/install/robot_controller_pkg/share/robot_controller_pkg/package.dsv'
[2.140s] INFO:colcon.colcon_core.shell:Creating package script '/home/alfonso/coppelia_vision_control_ws/install/robot_controller_pkg/share/robot_controller_pkg/package.sh'
[2.141s] INFO:colcon.colcon_core.shell:Creating package script '/home/alfonso/coppelia_vision_control_ws/install/robot_controller_pkg/share/robot_controller_pkg/package.bash'
[2.141s] INFO:colcon.colcon_core.shell:Creating package script '/home/alfonso/coppelia_vision_control_ws/install/robot_controller_pkg/share/robot_controller_pkg/package.zsh'
[2.141s] Level 1:colcon.colcon_core.environment:create_file_with_runtime_dependencies(/home/alfonso/coppelia_vision_control_ws/install/robot_controller_pkg/share/colcon-core/packages/robot_controller_pkg)
[2.142s] DEBUG:colcon.colcon_parallel_executor.executor.parallel:closing loop
[2.142s] DEBUG:colcon.colcon_parallel_executor.executor.parallel:loop closed
[2.142s] DEBUG:colcon.colcon_parallel_executor.executor.parallel:run_until_complete finished with '0'
[2.142s] DEBUG:colcon.colcon_core.event_reactor:joining thread
[2.148s] INFO:colcon.colcon_core.plugin_system:Skipping extension 'colcon_notification.desktop_notification.terminal_notifier': Not used on non-Darwin systems
[2.148s] INFO:colcon.colcon_core.plugin_system:Skipping extension 'colcon_notification.desktop_notification.win32': Not used on non-Windows systems
[2.148s] INFO:colcon.colcon_notification.desktop_notification:Sending desktop notification using 'notify2'
[2.161s] DEBUG:colcon.colcon_core.event_reactor:joined thread
[2.161s] INFO:colcon.colcon_core.shell:Creating prefix script '/home/alfonso/coppelia_vision_control_ws/install/local_setup.ps1'
[2.163s] INFO:colcon.colcon_core.shell:Creating prefix util module '/home/alfonso/coppelia_vision_control_ws/install/_local_setup_util_ps1.py'
[2.165s] INFO:colcon.colcon_core.shell:Creating prefix chain script '/home/alfonso/coppelia_vision_control_ws/install/setup.ps1'
[2.167s] INFO:colcon.colcon_core.shell:Creating prefix script '/home/alfonso/coppelia_vision_control_ws/install/local_setup.sh'
[2.167s] INFO:colcon.colcon_core.shell:Creating prefix util module '/home/alfonso/coppelia_vision_control_ws/install/_local_setup_util_sh.py'
[2.168s] INFO:colcon.colcon_core.shell:Creating prefix chain script '/home/alfonso/coppelia_vision_control_ws/install/setup.sh'
[2.170s] INFO:colcon.colcon_core.shell:Creating prefix script '/home/alfonso/coppelia_vision_control_ws/install/local_setup.bash'
[2.170s] INFO:colcon.colcon_core.shell:Creating prefix chain script '/home/alfonso/coppelia_vision_control_ws/install/setup.bash'
[2.171s] INFO:colcon.colcon_core.shell:Creating prefix script '/home/alfonso/coppelia_vision_control_ws/install/local_setup.zsh'
[2.172s] INFO:colcon.colcon_core.shell:Creating prefix chain script '/home/alfonso/coppelia_vision_control_ws/install/setup.zsh'
