[0.845s] Invoking command in '/home/alfonso/coppelia_vision_control_ws/src/robot_controller_pkg': PYTHONPATH=/home/alfonso/coppelia_vision_control_ws/src/build/robot_controller_pkg/prefix_override:/usr/lib/python3/dist-packages/colcon_core/task/python/colcon_distutils_commands:/home/alfonso/coppelia_vision_control_ws/src/install/robot_controller_pkg/lib/python3.10/site-packages:${PYTHONPATH} /usr/bin/python3 -W ignore:setup.py install is deprecated -W ignore:easy_install command is deprecated setup.py egg_info --egg-base ../build/robot_controller_pkg build --build-base /home/alfonso/coppelia_vision_control_ws/src/build/robot_controller_pkg/build install --record /home/alfonso/coppelia_vision_control_ws/src/build/robot_controller_pkg/install.log --single-version-externally-managed install_data
[1.047s] running egg_info
[1.047s] creating ../build/robot_controller_pkg/robot_controller_pkg.egg-info
[1.047s] writing ../build/robot_controller_pkg/robot_controller_pkg.egg-info/PKG-INFO
[1.047s] writing dependency_links to ../build/robot_controller_pkg/robot_controller_pkg.egg-info/dependency_links.txt
[1.048s] writing entry points to ../build/robot_controller_pkg/robot_controller_pkg.egg-info/entry_points.txt
[1.048s] writing requirements to ../build/robot_controller_pkg/robot_controller_pkg.egg-info/requires.txt
[1.048s] writing top-level names to ../build/robot_controller_pkg/robot_controller_pkg.egg-info/top_level.txt
[1.048s] writing manifest file '../build/robot_controller_pkg/robot_controller_pkg.egg-info/SOURCES.txt'
[1.049s] reading manifest file '../build/robot_controller_pkg/robot_controller_pkg.egg-info/SOURCES.txt'
[1.050s] writing manifest file '../build/robot_controller_pkg/robot_controller_pkg.egg-info/SOURCES.txt'
[1.050s] running build
[1.050s] running build_py
[1.050s] creating /home/alfonso/coppelia_vision_control_ws/src/build/robot_controller_pkg/build
[1.050s] creating /home/alfonso/coppelia_vision_control_ws/src/build/robot_controller_pkg/build/lib
[1.050s] creating /home/alfonso/coppelia_vision_control_ws/src/build/robot_controller_pkg/build/lib/robot_controller_pkg
[1.050s] copying robot_controller_pkg/__init__.py -> /home/alfonso/coppelia_vision_control_ws/src/build/robot_controller_pkg/build/lib/robot_controller_pkg
[1.050s] running install
[1.050s] running install_lib
[1.052s] creating /home/alfonso/coppelia_vision_control_ws/src/install/robot_controller_pkg/lib/python3.10/site-packages/robot_controller_pkg
[1.052s] copying /home/alfonso/coppelia_vision_control_ws/src/build/robot_controller_pkg/build/lib/robot_controller_pkg/__init__.py -> /home/alfonso/coppelia_vision_control_ws/src/install/robot_controller_pkg/lib/python3.10/site-packages/robot_controller_pkg
[1.052s] byte-compiling /home/alfonso/coppelia_vision_control_ws/src/install/robot_controller_pkg/lib/python3.10/site-packages/robot_controller_pkg/__init__.py to __init__.cpython-310.pyc
[1.052s] running install_data
[1.052s] creating /home/alfonso/coppelia_vision_control_ws/src/install/robot_controller_pkg/share/ament_index
[1.052s] creating /home/alfonso/coppelia_vision_control_ws/src/install/robot_controller_pkg/share/ament_index/resource_index
[1.052s] creating /home/alfonso/coppelia_vision_control_ws/src/install/robot_controller_pkg/share/ament_index/resource_index/packages
[1.052s] copying resource/robot_controller_pkg -> /home/alfonso/coppelia_vision_control_ws/src/install/robot_controller_pkg/share/ament_index/resource_index/packages
[1.052s] copying package.xml -> /home/alfonso/coppelia_vision_control_ws/src/install/robot_controller_pkg/share/robot_controller_pkg
[1.053s] running install_egg_info
[1.054s] Copying ../build/robot_controller_pkg/robot_controller_pkg.egg-info to /home/alfonso/coppelia_vision_control_ws/src/install/robot_controller_pkg/lib/python3.10/site-packages/robot_controller_pkg-0.0.0-py3.10.egg-info
[1.054s] running install_scripts
[1.072s] Installing node_robot_controller script to /home/alfonso/coppelia_vision_control_ws/src/install/robot_controller_pkg/lib/robot_controller_pkg
[1.072s] writing list of installed files to '/home/alfonso/coppelia_vision_control_ws/src/build/robot_controller_pkg/install.log'
[1.100s] Invoked command in '/home/alfonso/coppelia_vision_control_ws/src/robot_controller_pkg' returned '0': PYTHONPATH=/home/alfonso/coppelia_vision_control_ws/src/build/robot_controller_pkg/prefix_override:/usr/lib/python3/dist-packages/colcon_core/task/python/colcon_distutils_commands:/home/alfonso/coppelia_vision_control_ws/src/install/robot_controller_pkg/lib/python3.10/site-packages:${PYTHONPATH} /usr/bin/python3 -W ignore:setup.py install is deprecated -W ignore:easy_install command is deprecated setup.py egg_info --egg-base ../build/robot_controller_pkg build --build-base /home/alfonso/coppelia_vision_control_ws/src/build/robot_controller_pkg/build install --record /home/alfonso/coppelia_vision_control_ws/src/build/robot_controller_pkg/install.log --single-version-externally-managed install_data
